Analysis & Synthesis report for Aula2
Wed Sep 15 12:51:28 2021
Quartus Prime Version 20.1.0 Build 711 06/05/2020 SJ Lite Edition


---------------------
; Table of Contents ;
---------------------
  1. Legal Notice
  2. Analysis & Synthesis Summary
  3. Analysis & Synthesis Settings
  4. Parallel Compilation
  5. Analysis & Synthesis Source Files Read
  6. Analysis & Synthesis Resource Usage Summary
  7. Analysis & Synthesis Resource Utilization by Entity
  8. Registers Removed During Synthesis
  9. General Register Statistics
 10. Multiplexer Restructuring Statistics (Restructuring Performed)
 11. Parameter Settings for User Entity Instance: Top-level Entity: |Aula7
 12. Parameter Settings for User Entity Instance: Aula2:CPU
 13. Parameter Settings for User Entity Instance: Aula2:CPU|muxGenerico2x1:MUX1
 14. Parameter Settings for User Entity Instance: Aula2:CPU|muxGenerico4x1:MUXPC
 15. Parameter Settings for User Entity Instance: Aula2:CPU|registradorGenerico:REG1
 16. Parameter Settings for User Entity Instance: Aula2:CPU|registradorGenerico:REGRET
 17. Parameter Settings for User Entity Instance: Aula2:CPU|registradorGenericoBit:REGIGUAL
 18. Parameter Settings for User Entity Instance: Aula2:CPU|ULASomaSub:ULA1
 19. Parameter Settings for User Entity Instance: Aula2:CPU|Decodificador:DECODER1
 20. Parameter Settings for User Entity Instance: Aula2:CPU|PC:PC1
 21. Parameter Settings for User Entity Instance: Aula2:CPU|somadorGenerico:SOMPC
 22. Parameter Settings for User Entity Instance: memoriaDADOS:RAM1
 23. Parameter Settings for User Entity Instance: memoriaROM:ROM1
 24. Parameter Settings for User Entity Instance: Decodificador3x8:SELMEM
 25. Parameter Settings for User Entity Instance: Decodificador3x8:DEC3X8
 26. Parameter Settings for User Entity Instance: registradorGenericoBit:REGLED8
 27. Parameter Settings for User Entity Instance: registradorGenericoBit:REGLED9
 28. Parameter Settings for User Entity Instance: registradorGenerico:REGLEDR
 29. Parameter Settings for User Entity Instance: registradorGenerico:REGHEX0
 30. Parameter Settings for User Entity Instance: registradorGenerico:REGHEX1
 31. Parameter Settings for User Entity Instance: registradorGenerico:REGHEX2
 32. Parameter Settings for User Entity Instance: registradorGenerico:REGHEX3
 33. Parameter Settings for User Entity Instance: registradorGenerico:REGHEX4
 34. Parameter Settings for User Entity Instance: registradorGenerico:REGHEX5
 35. Parameter Settings for User Entity Instance: tristate:TRI_SW_WORD
 36. Port Connectivity Checks: "Decodificador3x8:DEC3X8"
 37. Port Connectivity Checks: "Decodificador3x8:SELMEM"
 38. Port Connectivity Checks: "conversorHex7Seg:DISPLAY_HEX5"
 39. Port Connectivity Checks: "conversorHex7Seg:DISPLAY_HEX4"
 40. Port Connectivity Checks: "conversorHex7Seg:DISPLAY_HEX3"
 41. Port Connectivity Checks: "conversorHex7Seg:DISPLAY_HEX2"
 42. Port Connectivity Checks: "conversorHex7Seg:DISPLAY_HEX1"
 43. Port Connectivity Checks: "conversorHex7Seg:DISPLAY_HEX0"
 44. Port Connectivity Checks: "Aula2:CPU|muxGenerico4x1:MUXPC"
 45. Port Connectivity Checks: "edgeDetector:\gravar:detectorSub0"
 46. Post-Synthesis Netlist Statistics for Top Partition
 47. Elapsed Time Per Partition
 48. Analysis & Synthesis Messages



----------------
; Legal Notice ;
----------------
Copyright (C) 2020  Intel Corporation. All rights reserved.
Your use of Intel Corporation's design tools, logic functions 
and other software and tools, and any partner logic 
functions, and any output files from any of the foregoing 
(including device programming or simulation files), and any 
associated documentation or information are expressly subject 
to the terms and conditions of the Intel Program License 
Subscription Agreement, the Intel Quartus Prime License Agreement,
the Intel FPGA IP License Agreement, or other applicable license
agreement, including, without limitation, that your use is for
the sole purpose of programming logic devices manufactured by
Intel and sold by Intel or its authorized distributors.  Please
refer to the applicable agreement for further details, at
https://fpgasoftware.intel.com/eula.



+-------------------------------------------------------------------------------+
; Analysis & Synthesis Summary                                                  ;
+---------------------------------+---------------------------------------------+
; Analysis & Synthesis Status     ; Successful - Wed Sep 15 12:51:28 2021       ;
; Quartus Prime Version           ; 20.1.0 Build 711 06/05/2020 SJ Lite Edition ;
; Revision Name                   ; Aula2                                       ;
; Top-level Entity Name           ; Aula7                                       ;
; Family                          ; Cyclone V                                   ;
; Logic utilization (in ALMs)     ; N/A                                         ;
; Total registers                 ; 51                                          ;
; Total pins                      ; 77                                          ;
; Total virtual pins              ; 0                                           ;
; Total block memory bits         ; 0                                           ;
; Total DSP Blocks                ; 0                                           ;
; Total HSSI RX PCSs              ; 0                                           ;
; Total HSSI PMA RX Deserializers ; 0                                           ;
; Total HSSI TX PCSs              ; 0                                           ;
; Total HSSI PMA TX Serializers   ; 0                                           ;
; Total PLLs                      ; 0                                           ;
; Total DLLs                      ; 0                                           ;
+---------------------------------+---------------------------------------------+


+---------------------------------------------------------------------------------------------------------------------------+
; Analysis & Synthesis Settings                                                                                             ;
+---------------------------------------------------------------------------------+--------------------+--------------------+
; Option                                                                          ; Setting            ; Default Value      ;
+---------------------------------------------------------------------------------+--------------------+--------------------+
; Device                                                                          ; 5CEBA4F23C7        ;                    ;
; Top-level entity name                                                           ; Aula7              ; Aula2              ;
; Family name                                                                     ; Cyclone V          ; Cyclone V          ;
; Maximum processors allowed for parallel compilation                             ; All                ;                    ;
; VHDL Show LMF Mapping Messages                                                  ; Off                ;                    ;
; VHDL Version                                                                    ; VHDL_2008          ; VHDL_1993          ;
; Use smart compilation                                                           ; Off                ; Off                ;
; Enable parallel Assembler and Timing Analyzer during compilation                ; On                 ; On                 ;
; Enable compact report table                                                     ; Off                ; Off                ;
; Restructure Multiplexers                                                        ; Auto               ; Auto               ;
; MLAB Add Timing Constraints For Mixed-Port Feed-Through Mode Setting Don't Care ; Off                ; Off                ;
; Create Debugging Nodes for IP Cores                                             ; Off                ; Off                ;
; Preserve fewer node names                                                       ; On                 ; On                 ;
; Intel FPGA IP Evaluation Mode                                                   ; Enable             ; Enable             ;
; Verilog Version                                                                 ; Verilog_2001       ; Verilog_2001       ;
; State Machine Processing                                                        ; Auto               ; Auto               ;
; Safe State Machine                                                              ; Off                ; Off                ;
; Extract Verilog State Machines                                                  ; On                 ; On                 ;
; Extract VHDL State Machines                                                     ; On                 ; On                 ;
; Ignore Verilog initial constructs                                               ; Off                ; Off                ;
; Iteration limit for constant Verilog loops                                      ; 5000               ; 5000               ;
; Iteration limit for non-constant Verilog loops                                  ; 250                ; 250                ;
; Add Pass-Through Logic to Inferred RAMs                                         ; On                 ; On                 ;
; Infer RAMs from Raw Logic                                                       ; On                 ; On                 ;
; Parallel Synthesis                                                              ; On                 ; On                 ;
; DSP Block Balancing                                                             ; Auto               ; Auto               ;
; NOT Gate Push-Back                                                              ; On                 ; On                 ;
; Power-Up Don't Care                                                             ; On                 ; On                 ;
; Remove Redundant Logic Cells                                                    ; Off                ; Off                ;
; Remove Duplicate Registers                                                      ; On                 ; On                 ;
; Ignore CARRY Buffers                                                            ; Off                ; Off                ;
; Ignore CASCADE Buffers                                                          ; Off                ; Off                ;
; Ignore GLOBAL Buffers                                                           ; Off                ; Off                ;
; Ignore ROW GLOBAL Buffers                                                       ; Off                ; Off                ;
; Ignore LCELL Buffers                                                            ; Off                ; Off                ;
; Ignore SOFT Buffers                                                             ; On                 ; On                 ;
; Limit AHDL Integers to 32 Bits                                                  ; Off                ; Off                ;
; Optimization Technique                                                          ; Balanced           ; Balanced           ;
; Carry Chain Length                                                              ; 70                 ; 70                 ;
; Auto Carry Chains                                                               ; On                 ; On                 ;
; Auto Open-Drain Pins                                                            ; On                 ; On                 ;
; Perform WYSIWYG Primitive Resynthesis                                           ; Off                ; Off                ;
; Auto ROM Replacement                                                            ; On                 ; On                 ;
; Auto RAM Replacement                                                            ; On                 ; On                 ;
; Auto DSP Block Replacement                                                      ; On                 ; On                 ;
; Auto Shift Register Replacement                                                 ; Auto               ; Auto               ;
; Allow Shift Register Merging across Hierarchies                                 ; Auto               ; Auto               ;
; Auto Clock Enable Replacement                                                   ; On                 ; On                 ;
; Strict RAM Replacement                                                          ; Off                ; Off                ;
; Allow Synchronous Control Signals                                               ; On                 ; On                 ;
; Force Use of Synchronous Clear Signals                                          ; Off                ; Off                ;
; Auto Resource Sharing                                                           ; Off                ; Off                ;
; Allow Any RAM Size For Recognition                                              ; Off                ; Off                ;
; Allow Any ROM Size For Recognition                                              ; Off                ; Off                ;
; Allow Any Shift Register Size For Recognition                                   ; Off                ; Off                ;
; Use LogicLock Constraints during Resource Balancing                             ; On                 ; On                 ;
; Ignore translate_off and synthesis_off directives                               ; Off                ; Off                ;
; Timing-Driven Synthesis                                                         ; On                 ; On                 ;
; Report Parameter Settings                                                       ; On                 ; On                 ;
; Report Source Assignments                                                       ; On                 ; On                 ;
; Report Connectivity Checks                                                      ; On                 ; On                 ;
; Ignore Maximum Fan-Out Assignments                                              ; Off                ; Off                ;
; Synchronization Register Chain Length                                           ; 3                  ; 3                  ;
; Power Optimization During Synthesis                                             ; Normal compilation ; Normal compilation ;
; HDL message level                                                               ; Level2             ; Level2             ;
; Suppress Register Optimization Related Messages                                 ; Off                ; Off                ;
; Number of Removed Registers Reported in Synthesis Report                        ; 5000               ; 5000               ;
; Number of Swept Nodes Reported in Synthesis Report                              ; 5000               ; 5000               ;
; Number of Inverted Registers Reported in Synthesis Report                       ; 100                ; 100                ;
; Clock MUX Protection                                                            ; On                 ; On                 ;
; Auto Gated Clock Conversion                                                     ; Off                ; Off                ;
; Block Design Naming                                                             ; Auto               ; Auto               ;
; SDC constraint protection                                                       ; Off                ; Off                ;
; Synthesis Effort                                                                ; Auto               ; Auto               ;
; Shift Register Replacement - Allow Asynchronous Clear Signal                    ; On                 ; On                 ;
; Pre-Mapping Resynthesis Optimization                                            ; Off                ; Off                ;
; Analysis & Synthesis Message Level                                              ; Medium             ; Medium             ;
; Disable Register Merging Across Hierarchies                                     ; Auto               ; Auto               ;
; Resource Aware Inference For Block RAM                                          ; On                 ; On                 ;
; Automatic Parallel Synthesis                                                    ; On                 ; On                 ;
; Partial Reconfiguration Bitstream ID                                            ; Off                ; Off                ;
+---------------------------------------------------------------------------------+--------------------+--------------------+


+------------------------------------------+
; Parallel Compilation                     ;
+----------------------------+-------------+
; Processors                 ; Number      ;
+----------------------------+-------------+
; Number detected on machine ; 12          ;
; Maximum allowed            ; 12          ;
;                            ;             ;
; Average used               ; 1.00        ;
; Maximum used               ; 12          ;
;                            ;             ;
; Usage by Processor         ; % Time Used ;
;     Processor 1            ; 100.0%      ;
;     Processors 2-12        ;   0.0%      ;
+----------------------------+-------------+


+-------------------------------------------------------------------------------------------------------------------------------------------------------------+
; Analysis & Synthesis Source Files Read                                                                                                                      ;
+----------------------------------+-----------------+-----------------+----------------------------------------------------------------------------+---------+
; File Name with User-Entered Path ; Used in Netlist ; File Type       ; File Name with Absolute Path                                               ; Library ;
+----------------------------------+-----------------+-----------------+----------------------------------------------------------------------------+---------+
; Aula2.vhd                        ; yes             ; User VHDL File  ; E:/designcomputadoressetup/desComp/Aula8_keybut/Aula2.vhd                  ;         ;
; memoriaROM.vhd                   ; yes             ; User VHDL File  ; E:/designcomputadoressetup/desComp/Aula8_keybut/memoriaROM.vhd             ;         ;
; edgeDetector.vhd                 ; yes             ; User VHDL File  ; E:/designcomputadoressetup/desComp/Aula8_keybut/edgeDetector.vhd           ;         ;
; muxGenerico2x1.vhd               ; yes             ; User VHDL File  ; E:/designcomputadoressetup/desComp/Aula8_keybut/muxGenerico2x1.vhd         ;         ;
; ULASomaSub.vhd                   ; yes             ; User VHDL File  ; E:/designcomputadoressetup/desComp/Aula8_keybut/ULASomaSub.vhd             ;         ;
; registradorGenerico.vhd          ; yes             ; User VHDL File  ; E:/designcomputadoressetup/desComp/Aula8_keybut/registradorGenerico.vhd    ;         ;
; Decodificador.vhd                ; yes             ; User VHDL File  ; E:/designcomputadoressetup/desComp/Aula8_keybut/Decodificador.vhd          ;         ;
; PC.vhd                           ; yes             ; User VHDL File  ; E:/designcomputadoressetup/desComp/Aula8_keybut/PC.vhd                     ;         ;
; memoriaDADOS.vhd                 ; yes             ; User VHDL File  ; E:/designcomputadoressetup/desComp/Aula8_keybut/memoriaDADOS.vhd           ;         ;
; logicaDesvio.vhd                 ; yes             ; User VHDL File  ; E:/designcomputadoressetup/desComp/Aula8_keybut/logicaDesvio.vhd           ;         ;
; muxGenerico4x1.vhd               ; yes             ; User VHDL File  ; E:/designcomputadoressetup/desComp/Aula8_keybut/muxGenerico4x1.vhd         ;         ;
; somadorGenerico.vhd              ; yes             ; User VHDL File  ; E:/designcomputadoressetup/desComp/Aula8_keybut/somadorGenerico.vhd        ;         ;
; registradorGenericoBit.vhd       ; yes             ; User VHDL File  ; E:/designcomputadoressetup/desComp/Aula8_keybut/registradorGenericoBit.vhd ;         ;
; Aula7.vhd                        ; yes             ; User VHDL File  ; E:/designcomputadoressetup/desComp/Aula8_keybut/Aula7.vhd                  ;         ;
; Decodificador3x8.vhd             ; yes             ; User VHDL File  ; E:/designcomputadoressetup/desComp/Aula8_keybut/Decodificador3x8.vhd       ;         ;
; conversorHex7Seg.vhd             ; yes             ; User VHDL File  ; E:/designcomputadoressetup/desComp/Aula8_keybut/conversorHex7Seg.vhd       ;         ;
; tristate.vhd                     ; yes             ; User VHDL File  ; E:/designcomputadoressetup/desComp/Aula8_keybut/tristate.vhd               ;         ;
; tristateBit.vhd                  ; yes             ; User VHDL File  ; E:/designcomputadoressetup/desComp/Aula8_keybut/tristateBit.vhd            ;         ;
+----------------------------------+-----------------+-----------------+----------------------------------------------------------------------------+---------+


+--------------------------------------------------------------+
; Analysis & Synthesis Resource Usage Summary                  ;
+---------------------------------------------+----------------+
; Resource                                    ; Usage          ;
+---------------------------------------------+----------------+
; Estimate of Logic utilization (ALMs needed) ; 59             ;
;                                             ;                ;
; Combinational ALUT usage for logic          ; 102            ;
;     -- 7 input functions                    ; 0              ;
;     -- 6 input functions                    ; 7              ;
;     -- 5 input functions                    ; 19             ;
;     -- 4 input functions                    ; 54             ;
;     -- <=3 input functions                  ; 22             ;
;                                             ;                ;
; Dedicated logic registers                   ; 51             ;
;                                             ;                ;
; I/O pins                                    ; 77             ;
;                                             ;                ;
; Total DSP Blocks                            ; 0              ;
;                                             ;                ;
; Maximum fan-out node                        ; CLOCK_50~input ;
; Maximum fan-out                             ; 51             ;
; Total fan-out                               ; 701            ;
; Average fan-out                             ; 2.28           ;
+---------------------------------------------+----------------+


+----------------------------------------------------------------------------------------------------------------------------------------------------------------------------------------------------------------------------------+
; Analysis & Synthesis Resource Utilization by Entity                                                                                                                                                                              ;
+-------------------------------------+---------------------+---------------------------+-------------------+------------+------+--------------+-------------------------------------------+------------------------+--------------+
; Compilation Hierarchy Node          ; Combinational ALUTs ; Dedicated Logic Registers ; Block Memory Bits ; DSP Blocks ; Pins ; Virtual Pins ; Full Hierarchy Name                       ; Entity Name            ; Library Name ;
+-------------------------------------+---------------------+---------------------------+-------------------+------------+------+--------------+-------------------------------------------+------------------------+--------------+
; |Aula7                              ; 102 (16)            ; 51 (0)                    ; 0                 ; 0          ; 77   ; 0            ; |Aula7                                    ; Aula7                  ; work         ;
;    |Aula2:CPU|                      ; 35 (0)              ; 17 (0)                    ; 0                 ; 0          ; 0    ; 0            ; |Aula7|Aula2:CPU                          ; Aula2                  ; work         ;
;       |Decodificador:DECODER1|      ; 2 (2)               ; 0 (0)                     ; 0                 ; 0          ; 0    ; 0            ; |Aula7|Aula2:CPU|Decodificador:DECODER1   ; Decodificador          ; work         ;
;       |PC:PC1|                      ; 0 (0)               ; 9 (9)                     ; 0                 ; 0          ; 0    ; 0            ; |Aula7|Aula2:CPU|PC:PC1                   ; PC                     ; work         ;
;       |ULASomaSub:ULA1|             ; 9 (9)               ; 0 (0)                     ; 0                 ; 0          ; 0    ; 0            ; |Aula7|Aula2:CPU|ULASomaSub:ULA1          ; ULASomaSub             ; work         ;
;       |muxGenerico2x1:MUX1|         ; 10 (10)             ; 0 (0)                     ; 0                 ; 0          ; 0    ; 0            ; |Aula7|Aula2:CPU|muxGenerico2x1:MUX1      ; muxGenerico2x1         ; work         ;
;       |muxGenerico4x1:MUXPC|        ; 5 (5)               ; 0 (0)                     ; 0                 ; 0          ; 0    ; 0            ; |Aula7|Aula2:CPU|muxGenerico4x1:MUXPC     ; muxGenerico4x1         ; work         ;
;       |registradorGenerico:REG1|    ; 0 (0)               ; 8 (8)                     ; 0                 ; 0          ; 0    ; 0            ; |Aula7|Aula2:CPU|registradorGenerico:REG1 ; registradorGenerico    ; work         ;
;       |somadorGenerico:SOMPC|       ; 9 (9)               ; 0 (0)                     ; 0                 ; 0          ; 0    ; 0            ; |Aula7|Aula2:CPU|somadorGenerico:SOMPC    ; somadorGenerico        ; work         ;
;    |conversorHex7Seg:DISPLAY_HEX0|  ; 7 (7)               ; 0 (0)                     ; 0                 ; 0          ; 0    ; 0            ; |Aula7|conversorHex7Seg:DISPLAY_HEX0      ; conversorHex7Seg       ; work         ;
;    |conversorHex7Seg:DISPLAY_HEX1|  ; 7 (7)               ; 0 (0)                     ; 0                 ; 0          ; 0    ; 0            ; |Aula7|conversorHex7Seg:DISPLAY_HEX1      ; conversorHex7Seg       ; work         ;
;    |conversorHex7Seg:DISPLAY_HEX2|  ; 7 (7)               ; 0 (0)                     ; 0                 ; 0          ; 0    ; 0            ; |Aula7|conversorHex7Seg:DISPLAY_HEX2      ; conversorHex7Seg       ; work         ;
;    |conversorHex7Seg:DISPLAY_HEX3|  ; 7 (7)               ; 0 (0)                     ; 0                 ; 0          ; 0    ; 0            ; |Aula7|conversorHex7Seg:DISPLAY_HEX3      ; conversorHex7Seg       ; work         ;
;    |conversorHex7Seg:DISPLAY_HEX4|  ; 7 (7)               ; 0 (0)                     ; 0                 ; 0          ; 0    ; 0            ; |Aula7|conversorHex7Seg:DISPLAY_HEX4      ; conversorHex7Seg       ; work         ;
;    |conversorHex7Seg:DISPLAY_HEX5|  ; 7 (7)               ; 0 (0)                     ; 0                 ; 0          ; 0    ; 0            ; |Aula7|conversorHex7Seg:DISPLAY_HEX5      ; conversorHex7Seg       ; work         ;
;    |memoriaROM:ROM1|                ; 7 (7)               ; 0 (0)                     ; 0                 ; 0          ; 0    ; 0            ; |Aula7|memoriaROM:ROM1                    ; memoriaROM             ; work         ;
;    |registradorGenerico:REGHEX0|    ; 0 (0)               ; 4 (4)                     ; 0                 ; 0          ; 0    ; 0            ; |Aula7|registradorGenerico:REGHEX0        ; registradorGenerico    ; work         ;
;    |registradorGenerico:REGHEX1|    ; 0 (0)               ; 4 (4)                     ; 0                 ; 0          ; 0    ; 0            ; |Aula7|registradorGenerico:REGHEX1        ; registradorGenerico    ; work         ;
;    |registradorGenerico:REGHEX2|    ; 0 (0)               ; 4 (4)                     ; 0                 ; 0          ; 0    ; 0            ; |Aula7|registradorGenerico:REGHEX2        ; registradorGenerico    ; work         ;
;    |registradorGenerico:REGHEX3|    ; 0 (0)               ; 4 (4)                     ; 0                 ; 0          ; 0    ; 0            ; |Aula7|registradorGenerico:REGHEX3        ; registradorGenerico    ; work         ;
;    |registradorGenerico:REGHEX4|    ; 0 (0)               ; 4 (4)                     ; 0                 ; 0          ; 0    ; 0            ; |Aula7|registradorGenerico:REGHEX4        ; registradorGenerico    ; work         ;
;    |registradorGenerico:REGHEX5|    ; 0 (0)               ; 4 (4)                     ; 0                 ; 0          ; 0    ; 0            ; |Aula7|registradorGenerico:REGHEX5        ; registradorGenerico    ; work         ;
;    |registradorGenerico:REGLEDR|    ; 0 (0)               ; 8 (8)                     ; 0                 ; 0          ; 0    ; 0            ; |Aula7|registradorGenerico:REGLEDR        ; registradorGenerico    ; work         ;
;    |registradorGenericoBit:REGLED8| ; 1 (1)               ; 1 (1)                     ; 0                 ; 0          ; 0    ; 0            ; |Aula7|registradorGenericoBit:REGLED8     ; registradorGenericoBit ; work         ;
;    |registradorGenericoBit:REGLED9| ; 1 (1)               ; 1 (1)                     ; 0                 ; 0          ; 0    ; 0            ; |Aula7|registradorGenericoBit:REGLED9     ; registradorGenericoBit ; work         ;
+-------------------------------------+---------------------+---------------------------+-------------------+------------+------+--------------+-------------------------------------------+------------------------+--------------+
Note: For table entries with two numbers listed, the numbers in parentheses indicate the number of resources of the given type used by the specific entity alone. The numbers listed outside of parentheses indicate the total resources of the given type used by the specific entity and all of its sub-entities in the hierarchy.


+-----------------------------------------------------------------------------------------------+
; Registers Removed During Synthesis                                                            ;
+-------------------------------------------------+---------------------------------------------+
; Register name                                   ; Reason for Removal                          ;
+-------------------------------------------------+---------------------------------------------+
; Aula2:CPU|registradorGenerico:REGRET|DOUT[0]    ; Stuck at GND due to stuck port clock_enable ;
; Aula2:CPU|registradorGenericoBit:REGIGUAL|DOUT  ; Stuck at GND due to stuck port clock_enable ;
; Aula2:CPU|registradorGenerico:REGRET|DOUT[1..8] ; Stuck at GND due to stuck port clock_enable ;
; Total Number of Removed Registers = 10          ;                                             ;
+-------------------------------------------------+---------------------------------------------+


+------------------------------------------------------+
; General Register Statistics                          ;
+----------------------------------------------+-------+
; Statistic                                    ; Value ;
+----------------------------------------------+-------+
; Total registers                              ; 51    ;
; Number of registers using Synchronous Clear  ; 0     ;
; Number of registers using Synchronous Load   ; 8     ;
; Number of registers using Asynchronous Clear ; 0     ;
; Number of registers using Asynchronous Load  ; 0     ;
; Number of registers using Clock Enable       ; 40    ;
; Number of registers using Preset             ; 0     ;
+----------------------------------------------+-------+


+-----------------------------------------------------------------------------------------------------------------------------------------------------------------+
; Multiplexer Restructuring Statistics (Restructuring Performed)                                                                                                  ;
+--------------------+-----------+---------------+----------------------+------------------------+------------+---------------------------------------------------+
; Multiplexer Inputs ; Bus Width ; Baseline Area ; Area if Restructured ; Saving if Restructured ; Registered ; Example Multiplexer Output                        ;
+--------------------+-----------+---------------+----------------------+------------------------+------------+---------------------------------------------------+
; 3:1                ; 8 bits    ; 16 LEs        ; 8 LEs                ; 8 LEs                  ; Yes        ; |Aula7|Aula2:CPU|registradorGenerico:REG1|DOUT[4] ;
+--------------------+-----------+---------------+----------------------+------------------------+------------+---------------------------------------------------+


+-----------------------------------------------------------------------+
; Parameter Settings for User Entity Instance: Top-level Entity: |Aula7 ;
+----------------+-------+----------------------------------------------+
; Parameter Name ; Value ; Type                                         ;
+----------------+-------+----------------------------------------------+
; larguraDados   ; 8     ; Signed Integer                               ;
; ADDR_WIDTH     ; 8     ; Signed Integer                               ;
; simulacao      ; false ; Enumerated                                   ;
+----------------+-------+----------------------------------------------+
Note: In order to hide this table in the UI and the text report file, please set the "Show Parameter Settings in Synthesis Report" option in "Analysis and Synthesis Settings -> More Settings" to "Off".


+--------------------------------------------------------+
; Parameter Settings for User Entity Instance: Aula2:CPU ;
+----------------+-------+-------------------------------+
; Parameter Name ; Value ; Type                          ;
+----------------+-------+-------------------------------+
; larguradados   ; 8     ; Signed Integer                ;
+----------------+-------+-------------------------------+
Note: In order to hide this table in the UI and the text report file, please set the "Show Parameter Settings in Synthesis Report" option in "Analysis and Synthesis Settings -> More Settings" to "Off".


+----------------------------------------------------------------------------+
; Parameter Settings for User Entity Instance: Aula2:CPU|muxGenerico2x1:MUX1 ;
+----------------+-------+---------------------------------------------------+
; Parameter Name ; Value ; Type                                              ;
+----------------+-------+---------------------------------------------------+
; larguradados   ; 8     ; Signed Integer                                    ;
+----------------+-------+---------------------------------------------------+
Note: In order to hide this table in the UI and the text report file, please set the "Show Parameter Settings in Synthesis Report" option in "Analysis and Synthesis Settings -> More Settings" to "Off".


+-----------------------------------------------------------------------------+
; Parameter Settings for User Entity Instance: Aula2:CPU|muxGenerico4x1:MUXPC ;
+----------------+-------+----------------------------------------------------+
; Parameter Name ; Value ; Type                                               ;
+----------------+-------+----------------------------------------------------+
; larguradados   ; 9     ; Signed Integer                                     ;
+----------------+-------+----------------------------------------------------+
Note: In order to hide this table in the UI and the text report file, please set the "Show Parameter Settings in Synthesis Report" option in "Analysis and Synthesis Settings -> More Settings" to "Off".


+---------------------------------------------------------------------------------+
; Parameter Settings for User Entity Instance: Aula2:CPU|registradorGenerico:REG1 ;
+----------------+-------+--------------------------------------------------------+
; Parameter Name ; Value ; Type                                                   ;
+----------------+-------+--------------------------------------------------------+
; larguradados   ; 8     ; Signed Integer                                         ;
+----------------+-------+--------------------------------------------------------+
Note: In order to hide this table in the UI and the text report file, please set the "Show Parameter Settings in Synthesis Report" option in "Analysis and Synthesis Settings -> More Settings" to "Off".


+-----------------------------------------------------------------------------------+
; Parameter Settings for User Entity Instance: Aula2:CPU|registradorGenerico:REGRET ;
+----------------+-------+----------------------------------------------------------+
; Parameter Name ; Value ; Type                                                     ;
+----------------+-------+----------------------------------------------------------+
; larguradados   ; 9     ; Signed Integer                                           ;
+----------------+-------+----------------------------------------------------------+
Note: In order to hide this table in the UI and the text report file, please set the "Show Parameter Settings in Synthesis Report" option in "Analysis and Synthesis Settings -> More Settings" to "Off".


+----------------------------------------------------------------------------------------+
; Parameter Settings for User Entity Instance: Aula2:CPU|registradorGenericoBit:REGIGUAL ;
+----------------+-------+---------------------------------------------------------------+
; Parameter Name ; Value ; Type                                                          ;
+----------------+-------+---------------------------------------------------------------+
; larguradados   ; 1     ; Signed Integer                                                ;
+----------------+-------+---------------------------------------------------------------+
Note: In order to hide this table in the UI and the text report file, please set the "Show Parameter Settings in Synthesis Report" option in "Analysis and Synthesis Settings -> More Settings" to "Off".


+------------------------------------------------------------------------+
; Parameter Settings for User Entity Instance: Aula2:CPU|ULASomaSub:ULA1 ;
+----------------+-------+-----------------------------------------------+
; Parameter Name ; Value ; Type                                          ;
+----------------+-------+-----------------------------------------------+
; larguradados   ; 8     ; Signed Integer                                ;
+----------------+-------+-----------------------------------------------+
Note: In order to hide this table in the UI and the text report file, please set the "Show Parameter Settings in Synthesis Report" option in "Analysis and Synthesis Settings -> More Settings" to "Off".


+-------------------------------------------------------------------------------+
; Parameter Settings for User Entity Instance: Aula2:CPU|Decodificador:DECODER1 ;
+----------------+-------+------------------------------------------------------+
; Parameter Name ; Value ; Type                                                 ;
+----------------+-------+------------------------------------------------------+
; data_width     ; 4     ; Signed Integer                                       ;
+----------------+-------+------------------------------------------------------+
Note: In order to hide this table in the UI and the text report file, please set the "Show Parameter Settings in Synthesis Report" option in "Analysis and Synthesis Settings -> More Settings" to "Off".


+---------------------------------------------------------------+
; Parameter Settings for User Entity Instance: Aula2:CPU|PC:PC1 ;
+----------------+-------+--------------------------------------+
; Parameter Name ; Value ; Type                                 ;
+----------------+-------+--------------------------------------+
; data_width     ; 9     ; Signed Integer                       ;
+----------------+-------+--------------------------------------+
Note: In order to hide this table in the UI and the text report file, please set the "Show Parameter Settings in Synthesis Report" option in "Analysis and Synthesis Settings -> More Settings" to "Off".


+------------------------------------------------------------------------------+
; Parameter Settings for User Entity Instance: Aula2:CPU|somadorGenerico:SOMPC ;
+----------------+-------+-----------------------------------------------------+
; Parameter Name ; Value ; Type                                                ;
+----------------+-------+-----------------------------------------------------+
; larguradados   ; 9     ; Signed Integer                                      ;
+----------------+-------+-----------------------------------------------------+
Note: In order to hide this table in the UI and the text report file, please set the "Show Parameter Settings in Synthesis Report" option in "Analysis and Synthesis Settings -> More Settings" to "Off".


+----------------------------------------------------------------+
; Parameter Settings for User Entity Instance: memoriaDADOS:RAM1 ;
+----------------+-------+---------------------------------------+
; Parameter Name ; Value ; Type                                  ;
+----------------+-------+---------------------------------------+
; datawidth      ; 8     ; Signed Integer                        ;
; addrwidth      ; 6     ; Signed Integer                        ;
+----------------+-------+---------------------------------------+
Note: In order to hide this table in the UI and the text report file, please set the "Show Parameter Settings in Synthesis Report" option in "Analysis and Synthesis Settings -> More Settings" to "Off".


+--------------------------------------------------------------+
; Parameter Settings for User Entity Instance: memoriaROM:ROM1 ;
+----------------+-------+-------------------------------------+
; Parameter Name ; Value ; Type                                ;
+----------------+-------+-------------------------------------+
; datawidth      ; 13    ; Signed Integer                      ;
; addrwidth      ; 9     ; Signed Integer                      ;
+----------------+-------+-------------------------------------+
Note: In order to hide this table in the UI and the text report file, please set the "Show Parameter Settings in Synthesis Report" option in "Analysis and Synthesis Settings -> More Settings" to "Off".


+----------------------------------------------------------------------+
; Parameter Settings for User Entity Instance: Decodificador3x8:SELMEM ;
+----------------+-------+---------------------------------------------+
; Parameter Name ; Value ; Type                                        ;
+----------------+-------+---------------------------------------------+
; data_width     ; 3     ; Signed Integer                              ;
+----------------+-------+---------------------------------------------+
Note: In order to hide this table in the UI and the text report file, please set the "Show Parameter Settings in Synthesis Report" option in "Analysis and Synthesis Settings -> More Settings" to "Off".


+----------------------------------------------------------------------+
; Parameter Settings for User Entity Instance: Decodificador3x8:DEC3X8 ;
+----------------+-------+---------------------------------------------+
; Parameter Name ; Value ; Type                                        ;
+----------------+-------+---------------------------------------------+
; data_width     ; 3     ; Signed Integer                              ;
+----------------+-------+---------------------------------------------+
Note: In order to hide this table in the UI and the text report file, please set the "Show Parameter Settings in Synthesis Report" option in "Analysis and Synthesis Settings -> More Settings" to "Off".


+-----------------------------------------------------------------------------+
; Parameter Settings for User Entity Instance: registradorGenericoBit:REGLED8 ;
+----------------+-------+----------------------------------------------------+
; Parameter Name ; Value ; Type                                               ;
+----------------+-------+----------------------------------------------------+
; larguradados   ; 1     ; Signed Integer                                     ;
+----------------+-------+----------------------------------------------------+
Note: In order to hide this table in the UI and the text report file, please set the "Show Parameter Settings in Synthesis Report" option in "Analysis and Synthesis Settings -> More Settings" to "Off".


+-----------------------------------------------------------------------------+
; Parameter Settings for User Entity Instance: registradorGenericoBit:REGLED9 ;
+----------------+-------+----------------------------------------------------+
; Parameter Name ; Value ; Type                                               ;
+----------------+-------+----------------------------------------------------+
; larguradados   ; 1     ; Signed Integer                                     ;
+----------------+-------+----------------------------------------------------+
Note: In order to hide this table in the UI and the text report file, please set the "Show Parameter Settings in Synthesis Report" option in "Analysis and Synthesis Settings -> More Settings" to "Off".


+--------------------------------------------------------------------------+
; Parameter Settings for User Entity Instance: registradorGenerico:REGLEDR ;
+----------------+-------+-------------------------------------------------+
; Parameter Name ; Value ; Type                                            ;
+----------------+-------+-------------------------------------------------+
; larguradados   ; 8     ; Signed Integer                                  ;
+----------------+-------+-------------------------------------------------+
Note: In order to hide this table in the UI and the text report file, please set the "Show Parameter Settings in Synthesis Report" option in "Analysis and Synthesis Settings -> More Settings" to "Off".


+--------------------------------------------------------------------------+
; Parameter Settings for User Entity Instance: registradorGenerico:REGHEX0 ;
+----------------+-------+-------------------------------------------------+
; Parameter Name ; Value ; Type                                            ;
+----------------+-------+-------------------------------------------------+
; larguradados   ; 4     ; Signed Integer                                  ;
+----------------+-------+-------------------------------------------------+
Note: In order to hide this table in the UI and the text report file, please set the "Show Parameter Settings in Synthesis Report" option in "Analysis and Synthesis Settings -> More Settings" to "Off".


+--------------------------------------------------------------------------+
; Parameter Settings for User Entity Instance: registradorGenerico:REGHEX1 ;
+----------------+-------+-------------------------------------------------+
; Parameter Name ; Value ; Type                                            ;
+----------------+-------+-------------------------------------------------+
; larguradados   ; 4     ; Signed Integer                                  ;
+----------------+-------+-------------------------------------------------+
Note: In order to hide this table in the UI and the text report file, please set the "Show Parameter Settings in Synthesis Report" option in "Analysis and Synthesis Settings -> More Settings" to "Off".


+--------------------------------------------------------------------------+
; Parameter Settings for User Entity Instance: registradorGenerico:REGHEX2 ;
+----------------+-------+-------------------------------------------------+
; Parameter Name ; Value ; Type                                            ;
+----------------+-------+-------------------------------------------------+
; larguradados   ; 4     ; Signed Integer                                  ;
+----------------+-------+-------------------------------------------------+
Note: In order to hide this table in the UI and the text report file, please set the "Show Parameter Settings in Synthesis Report" option in "Analysis and Synthesis Settings -> More Settings" to "Off".


+--------------------------------------------------------------------------+
; Parameter Settings for User Entity Instance: registradorGenerico:REGHEX3 ;
+----------------+-------+-------------------------------------------------+
; Parameter Name ; Value ; Type                                            ;
+----------------+-------+-------------------------------------------------+
; larguradados   ; 4     ; Signed Integer                                  ;
+----------------+-------+-------------------------------------------------+
Note: In order to hide this table in the UI and the text report file, please set the "Show Parameter Settings in Synthesis Report" option in "Analysis and Synthesis Settings -> More Settings" to "Off".


+--------------------------------------------------------------------------+
; Parameter Settings for User Entity Instance: registradorGenerico:REGHEX4 ;
+----------------+-------+-------------------------------------------------+
; Parameter Name ; Value ; Type                                            ;
+----------------+-------+-------------------------------------------------+
; larguradados   ; 4     ; Signed Integer                                  ;
+----------------+-------+-------------------------------------------------+
Note: In order to hide this table in the UI and the text report file, please set the "Show Parameter Settings in Synthesis Report" option in "Analysis and Synthesis Settings -> More Settings" to "Off".


+--------------------------------------------------------------------------+
; Parameter Settings for User Entity Instance: registradorGenerico:REGHEX5 ;
+----------------+-------+-------------------------------------------------+
; Parameter Name ; Value ; Type                                            ;
+----------------+-------+-------------------------------------------------+
; larguradados   ; 4     ; Signed Integer                                  ;
+----------------+-------+-------------------------------------------------+
Note: In order to hide this table in the UI and the text report file, please set the "Show Parameter Settings in Synthesis Report" option in "Analysis and Synthesis Settings -> More Settings" to "Off".


+-------------------------------------------------------------------+
; Parameter Settings for User Entity Instance: tristate:TRI_SW_WORD ;
+----------------+-------+------------------------------------------+
; Parameter Name ; Value ; Type                                     ;
+----------------+-------+------------------------------------------+
; data_width     ; 8     ; Signed Integer                           ;
+----------------+-------+------------------------------------------+
Note: In order to hide this table in the UI and the text report file, please set the "Show Parameter Settings in Synthesis Report" option in "Analysis and Synthesis Settings -> More Settings" to "Off".


+-------------------------------------------------------------------------------------------------------------------------+
; Port Connectivity Checks: "Decodificador3x8:DEC3X8"                                                                     ;
+---------------+--------+----------+-------------------------------------------------------------------------------------+
; Port          ; Type   ; Severity ; Details                                                                             ;
+---------------+--------+----------+-------------------------------------------------------------------------------------+
; dataout[7..6] ; Output ; Info     ; Connected to dangling logic. Logic that only feeds a dangling port will be removed. ;
+---------------+--------+----------+-------------------------------------------------------------------------------------+


+-------------------------------------------------------------------------------------------------------------------------+
; Port Connectivity Checks: "Decodificador3x8:SELMEM"                                                                     ;
+---------------+--------+----------+-------------------------------------------------------------------------------------+
; Port          ; Type   ; Severity ; Details                                                                             ;
+---------------+--------+----------+-------------------------------------------------------------------------------------+
; dataout[7..6] ; Output ; Info     ; Connected to dangling logic. Logic that only feeds a dangling port will be removed. ;
; dataout[3..1] ; Output ; Info     ; Connected to dangling logic. Logic that only feeds a dangling port will be removed. ;
+---------------+--------+----------+-------------------------------------------------------------------------------------+


+-----------------------------------------------------------+
; Port Connectivity Checks: "conversorHex7Seg:DISPLAY_HEX5" ;
+----------+-------+----------+-----------------------------+
; Port     ; Type  ; Severity ; Details                     ;
+----------+-------+----------+-----------------------------+
; apaga    ; Input ; Info     ; Stuck at GND                ;
; negativo ; Input ; Info     ; Stuck at GND                ;
; overflow ; Input ; Info     ; Stuck at GND                ;
+----------+-------+----------+-----------------------------+


+-----------------------------------------------------------+
; Port Connectivity Checks: "conversorHex7Seg:DISPLAY_HEX4" ;
+----------+-------+----------+-----------------------------+
; Port     ; Type  ; Severity ; Details                     ;
+----------+-------+----------+-----------------------------+
; apaga    ; Input ; Info     ; Stuck at GND                ;
; negativo ; Input ; Info     ; Stuck at GND                ;
; overflow ; Input ; Info     ; Stuck at GND                ;
+----------+-------+----------+-----------------------------+


+-----------------------------------------------------------+
; Port Connectivity Checks: "conversorHex7Seg:DISPLAY_HEX3" ;
+----------+-------+----------+-----------------------------+
; Port     ; Type  ; Severity ; Details                     ;
+----------+-------+----------+-----------------------------+
; apaga    ; Input ; Info     ; Stuck at GND                ;
; negativo ; Input ; Info     ; Stuck at GND                ;
; overflow ; Input ; Info     ; Stuck at GND                ;
+----------+-------+----------+-----------------------------+


+-----------------------------------------------------------+
; Port Connectivity Checks: "conversorHex7Seg:DISPLAY_HEX2" ;
+----------+-------+----------+-----------------------------+
; Port     ; Type  ; Severity ; Details                     ;
+----------+-------+----------+-----------------------------+
; apaga    ; Input ; Info     ; Stuck at GND                ;
; negativo ; Input ; Info     ; Stuck at GND                ;
; overflow ; Input ; Info     ; Stuck at GND                ;
+----------+-------+----------+-----------------------------+


+-----------------------------------------------------------+
; Port Connectivity Checks: "conversorHex7Seg:DISPLAY_HEX1" ;
+----------+-------+----------+-----------------------------+
; Port     ; Type  ; Severity ; Details                     ;
+----------+-------+----------+-----------------------------+
; apaga    ; Input ; Info     ; Stuck at GND                ;
; negativo ; Input ; Info     ; Stuck at GND                ;
; overflow ; Input ; Info     ; Stuck at GND                ;
+----------+-------+----------+-----------------------------+


+-----------------------------------------------------------+
; Port Connectivity Checks: "conversorHex7Seg:DISPLAY_HEX0" ;
+----------+-------+----------+-----------------------------+
; Port     ; Type  ; Severity ; Details                     ;
+----------+-------+----------+-----------------------------+
; apaga    ; Input ; Info     ; Stuck at GND                ;
; negativo ; Input ; Info     ; Stuck at GND                ;
; overflow ; Input ; Info     ; Stuck at GND                ;
+----------+-------+----------+-----------------------------+


+------------------------------------------------------------+
; Port Connectivity Checks: "Aula2:CPU|muxGenerico4x1:MUXPC" ;
+----------+-------+----------+------------------------------+
; Port     ; Type  ; Severity ; Details                      ;
+----------+-------+----------+------------------------------+
; entrada4 ; Input ; Info     ; Stuck at GND                 ;
+----------+-------+----------+------------------------------+


+-----------------------------------------------------------------------------------------------------------------+
; Port Connectivity Checks: "edgeDetector:\gravar:detectorSub0"                                                   ;
+-------+--------+----------+-------------------------------------------------------------------------------------+
; Port  ; Type   ; Severity ; Details                                                                             ;
+-------+--------+----------+-------------------------------------------------------------------------------------+
; saida ; Output ; Info     ; Connected to dangling logic. Logic that only feeds a dangling port will be removed. ;
+-------+--------+----------+-------------------------------------------------------------------------------------+


+-----------------------------------------------------+
; Post-Synthesis Netlist Statistics for Top Partition ;
+-----------------------+-----------------------------+
; Type                  ; Count                       ;
+-----------------------+-----------------------------+
; arriav_ff             ; 51                          ;
;     ENA               ; 32                          ;
;     ENA SLD           ; 8                           ;
;     plain             ; 11                          ;
; arriav_lcell_comb     ; 108                         ;
;     arith             ; 18                          ;
;         0 data inputs ; 1                           ;
;         1 data inputs ; 9                           ;
;         2 data inputs ; 8                           ;
;     normal            ; 90                          ;
;         1 data inputs ; 6                           ;
;         2 data inputs ; 1                           ;
;         3 data inputs ; 3                           ;
;         4 data inputs ; 54                          ;
;         5 data inputs ; 19                          ;
;         6 data inputs ; 7                           ;
; boundary_port         ; 77                          ;
;                       ;                             ;
; Max LUT depth         ; 5.70                        ;
; Average LUT depth     ; 2.66                        ;
+-----------------------+-----------------------------+


+-------------------------------+
; Elapsed Time Per Partition    ;
+----------------+--------------+
; Partition Name ; Elapsed Time ;
+----------------+--------------+
; Top            ; 00:00:00     ;
+----------------+--------------+


+-------------------------------+
; Analysis & Synthesis Messages ;
+-------------------------------+
Info: *******************************************************************
Info: Running Quartus Prime Analysis & Synthesis
    Info: Version 20.1.0 Build 711 06/05/2020 SJ Lite Edition
    Info: Processing started: Wed Sep 15 12:51:19 2021
Info: Command: quartus_map --read_settings_files=on --write_settings_files=off Aula3 -c Aula2
Info (20030): Parallel compilation is enabled and will use 12 of the 12 processors detected
Info (12021): Found 2 design units, including 1 entities, in source file aula2.vhd
    Info (12022): Found design unit 1: Aula2-arquitetura File: E:/designcomputadoressetup/desComp/Aula8_keybut/Aula2.vhd Line: 24
    Info (12023): Found entity 1: Aula2 File: E:/designcomputadoressetup/desComp/Aula8_keybut/Aula2.vhd Line: 4
Info (12021): Found 2 design units, including 1 entities, in source file memoriarom.vhd
    Info (12022): Found design unit 1: memoriaROM-assincrona File: E:/designcomputadoressetup/desComp/Aula8_keybut/memoriaROM.vhd Line: 16
    Info (12023): Found entity 1: memoriaROM File: E:/designcomputadoressetup/desComp/Aula8_keybut/memoriaROM.vhd Line: 5
Info (12021): Found 3 design units, including 1 entities, in source file edgedetector.vhd
    Info (12022): Found design unit 1: edgeDetector-bordaSubida File: E:/designcomputadoressetup/desComp/Aula8_keybut/edgeDetector.vhd Line: 10
    Info (12022): Found design unit 2: edgeDetector-bordaDescida File: E:/designcomputadoressetup/desComp/Aula8_keybut/edgeDetector.vhd Line: 23
    Info (12023): Found entity 1: edgeDetector File: E:/designcomputadoressetup/desComp/Aula8_keybut/edgeDetector.vhd Line: 4
Info (12021): Found 2 design units, including 1 entities, in source file muxgenerico2x1.vhd
    Info (12022): Found design unit 1: muxGenerico2x1-comportamento File: E:/designcomputadoressetup/desComp/Aula8_keybut/muxGenerico2x1.vhd Line: 14
    Info (12023): Found entity 1: muxGenerico2x1 File: E:/designcomputadoressetup/desComp/Aula8_keybut/muxGenerico2x1.vhd Line: 4
Info (12021): Found 2 design units, including 1 entities, in source file ulasomasub.vhd
    Info (12022): Found design unit 1: ULASomaSub-comportamento File: E:/designcomputadoressetup/desComp/Aula8_keybut/ULASomaSub.vhd Line: 15
    Info (12023): Found entity 1: ULASomaSub File: E:/designcomputadoressetup/desComp/Aula8_keybut/ULASomaSub.vhd Line: 5
Info (12021): Found 2 design units, including 1 entities, in source file registradorgenerico.vhd
    Info (12022): Found design unit 1: registradorGenerico-comportamento File: E:/designcomputadoressetup/desComp/Aula8_keybut/registradorGenerico.vhd Line: 15
    Info (12023): Found entity 1: registradorGenerico File: E:/designcomputadoressetup/desComp/Aula8_keybut/registradorGenerico.vhd Line: 4
Info (12021): Found 2 design units, including 1 entities, in source file decodificador.vhd
    Info (12022): Found design unit 1: Decodificador-arquitetura File: E:/designcomputadoressetup/desComp/Aula8_keybut/Decodificador.vhd Line: 26
    Info (12023): Found entity 1: Decodificador File: E:/designcomputadoressetup/desComp/Aula8_keybut/Decodificador.vhd Line: 5
Info (12021): Found 2 design units, including 1 entities, in source file pc.vhd
    Info (12022): Found design unit 1: PC-arch_name File: E:/designcomputadoressetup/desComp/Aula8_keybut/PC.vhd Line: 21
    Info (12023): Found entity 1: PC File: E:/designcomputadoressetup/desComp/Aula8_keybut/PC.vhd Line: 5
Info (12021): Found 2 design units, including 1 entities, in source file memoriadados.vhd
    Info (12022): Found design unit 1: memoriaDADOS-rtl File: E:/designcomputadoressetup/desComp/Aula8_keybut/memoriaDADOS.vhd Line: 23
    Info (12023): Found entity 1: memoriaDADOS File: E:/designcomputadoressetup/desComp/Aula8_keybut/memoriaDADOS.vhd Line: 6
Info (12021): Found 2 design units, including 1 entities, in source file logicadesvio.vhd
    Info (12022): Found design unit 1: logicaDesvio-arch_name File: E:/designcomputadoressetup/desComp/Aula8_keybut/logicaDesvio.vhd Line: 21
    Info (12023): Found entity 1: logicaDesvio File: E:/designcomputadoressetup/desComp/Aula8_keybut/logicaDesvio.vhd Line: 5
Info (12021): Found 2 design units, including 1 entities, in source file muxgenerico4x1.vhd
    Info (12022): Found design unit 1: muxGenerico4x1-comportamento File: E:/designcomputadoressetup/desComp/Aula8_keybut/muxGenerico4x1.vhd Line: 14
    Info (12023): Found entity 1: muxGenerico4x1 File: E:/designcomputadoressetup/desComp/Aula8_keybut/muxGenerico4x1.vhd Line: 4
Info (12021): Found 2 design units, including 1 entities, in source file somadorgenerico.vhd
    Info (12022): Found design unit 1: somadorGenerico-comportamento File: E:/designcomputadoressetup/desComp/Aula8_keybut/somadorGenerico.vhd Line: 17
    Info (12023): Found entity 1: somadorGenerico File: E:/designcomputadoressetup/desComp/Aula8_keybut/somadorGenerico.vhd Line: 5
Info (12021): Found 2 design units, including 1 entities, in source file registradorgenericobit.vhd
    Info (12022): Found design unit 1: registradorGenericoBit-comportamento File: E:/designcomputadoressetup/desComp/Aula8_keybut/registradorGenericoBit.vhd Line: 15
    Info (12023): Found entity 1: registradorGenericoBit File: E:/designcomputadoressetup/desComp/Aula8_keybut/registradorGenericoBit.vhd Line: 4
Info (12021): Found 2 design units, including 1 entities, in source file aula7.vhd
    Info (12022): Found design unit 1: Aula7-arch_name File: E:/designcomputadoressetup/desComp/Aula8_keybut/Aula7.vhd Line: 33
    Info (12023): Found entity 1: Aula7 File: E:/designcomputadoressetup/desComp/Aula8_keybut/Aula7.vhd Line: 5
Info (12021): Found 2 design units, including 1 entities, in source file decodificador3x8.vhd
    Info (12022): Found design unit 1: Decodificador3x8-arquitetura File: E:/designcomputadoressetup/desComp/Aula8_keybut/Decodificador3x8.vhd Line: 19
    Info (12023): Found entity 1: Decodificador3x8 File: E:/designcomputadoressetup/desComp/Aula8_keybut/Decodificador3x8.vhd Line: 5
Info (12021): Found 2 design units, including 1 entities, in source file conversorhex7seg.vhd
    Info (12022): Found design unit 1: conversorHex7Seg-comportamento File: E:/designcomputadoressetup/desComp/Aula8_keybut/conversorHex7Seg.vhd Line: 17
    Info (12023): Found entity 1: conversorHex7Seg File: E:/designcomputadoressetup/desComp/Aula8_keybut/conversorHex7Seg.vhd Line: 4
Info (12021): Found 2 design units, including 1 entities, in source file tristate.vhd
    Info (12022): Found design unit 1: tristate-arch_name File: E:/designcomputadoressetup/desComp/Aula8_keybut/tristate.vhd Line: 20
    Info (12023): Found entity 1: tristate File: E:/designcomputadoressetup/desComp/Aula8_keybut/tristate.vhd Line: 5
Info (12021): Found 2 design units, including 1 entities, in source file tristatebit.vhd
    Info (12022): Found design unit 1: tristateBit-arch_name File: E:/designcomputadoressetup/desComp/Aula8_keybut/tristateBit.vhd Line: 17
    Info (12023): Found entity 1: tristateBit File: E:/designcomputadoressetup/desComp/Aula8_keybut/tristateBit.vhd Line: 5
Info (12127): Elaborating entity "Aula7" for the top level hierarchy
Warning (10036): Verilog HDL or VHDL warning at Aula7.vhd(51): object "CLK" assigned a value but never read File: E:/designcomputadoressetup/desComp/Aula8_keybut/Aula7.vhd Line: 51
Info (12129): Elaborating entity "edgeDetector" using architecture "A:bordasubida" for hierarchy "edgeDetector:\gravar:detectorSub0" File: E:/designcomputadoressetup/desComp/Aula8_keybut/Aula7.vhd Line: 80
Info (12128): Elaborating entity "Aula2" for hierarchy "Aula2:CPU" File: E:/designcomputadoressetup/desComp/Aula8_keybut/Aula7.vhd Line: 84
Info (12128): Elaborating entity "muxGenerico2x1" for hierarchy "Aula2:CPU|muxGenerico2x1:MUX1" File: E:/designcomputadoressetup/desComp/Aula8_keybut/Aula2.vhd Line: 57
Info (12128): Elaborating entity "muxGenerico4x1" for hierarchy "Aula2:CPU|muxGenerico4x1:MUXPC" File: E:/designcomputadoressetup/desComp/Aula8_keybut/Aula2.vhd Line: 64
Info (12128): Elaborating entity "registradorGenerico" for hierarchy "Aula2:CPU|registradorGenerico:REG1" File: E:/designcomputadoressetup/desComp/Aula8_keybut/Aula2.vhd Line: 73
Info (12128): Elaborating entity "registradorGenerico" for hierarchy "Aula2:CPU|registradorGenerico:REGRET" File: E:/designcomputadoressetup/desComp/Aula8_keybut/Aula2.vhd Line: 77
Info (12128): Elaborating entity "registradorGenericoBit" for hierarchy "Aula2:CPU|registradorGenericoBit:REGIGUAL" File: E:/designcomputadoressetup/desComp/Aula8_keybut/Aula2.vhd Line: 81
Info (12128): Elaborating entity "ULASomaSub" for hierarchy "Aula2:CPU|ULASomaSub:ULA1" File: E:/designcomputadoressetup/desComp/Aula8_keybut/Aula2.vhd Line: 85
Info (12128): Elaborating entity "Decodificador" for hierarchy "Aula2:CPU|Decodificador:DECODER1" File: E:/designcomputadoressetup/desComp/Aula8_keybut/Aula2.vhd Line: 99
Warning (10036): Verilog HDL or VHDL warning at Decodificador.vhd(28): object "NOP" assigned a value but never read File: E:/designcomputadoressetup/desComp/Aula8_keybut/Decodificador.vhd Line: 28
Info (12128): Elaborating entity "PC" for hierarchy "Aula2:CPU|PC:PC1" File: E:/designcomputadoressetup/desComp/Aula8_keybut/Aula2.vhd Line: 103
Info (12128): Elaborating entity "somadorGenerico" for hierarchy "Aula2:CPU|somadorGenerico:SOMPC" File: E:/designcomputadoressetup/desComp/Aula8_keybut/Aula2.vhd Line: 106
Info (12128): Elaborating entity "logicaDesvio" for hierarchy "Aula2:CPU|logicaDesvio:DESVIO" File: E:/designcomputadoressetup/desComp/Aula8_keybut/Aula2.vhd Line: 109
Info (12128): Elaborating entity "conversorHex7Seg" for hierarchy "conversorHex7Seg:DISPLAY_HEX0" File: E:/designcomputadoressetup/desComp/Aula8_keybut/Aula7.vhd Line: 97
Info (12128): Elaborating entity "memoriaDADOS" for hierarchy "memoriaDADOS:RAM1" File: E:/designcomputadoressetup/desComp/Aula8_keybut/Aula7.vhd Line: 141
Info (12128): Elaborating entity "memoriaROM" for hierarchy "memoriaROM:ROM1" File: E:/designcomputadoressetup/desComp/Aula8_keybut/Aula7.vhd Line: 146
Info (12128): Elaborating entity "Decodificador3x8" for hierarchy "Decodificador3x8:SELMEM" File: E:/designcomputadoressetup/desComp/Aula8_keybut/Aula7.vhd Line: 150
Info (12128): Elaborating entity "registradorGenerico" for hierarchy "registradorGenerico:REGHEX0" File: E:/designcomputadoressetup/desComp/Aula8_keybut/Aula7.vhd Line: 170
Info (12128): Elaborating entity "tristate" for hierarchy "tristate:TRI_SW_WORD" File: E:/designcomputadoressetup/desComp/Aula8_keybut/Aula7.vhd Line: 195
Info (12128): Elaborating entity "tristateBit" for hierarchy "tristateBit:TRI_SW8" File: E:/designcomputadoressetup/desComp/Aula8_keybut/Aula7.vhd Line: 199
Info (276014): Found 1 instances of uninferred RAM logic
    Info (276007): RAM logic "memoriaDADOS:RAM1|ram" is uninferred due to asynchronous read logic File: E:/designcomputadoressetup/desComp/Aula8_keybut/memoriaDADOS.vhd Line: 29
Warning (13046): Tri-state node(s) do not directly drive top-level pin(s)
    Warning (13048): Converted tri-state node "Data_IN[7]" into a selector File: E:/designcomputadoressetup/desComp/Aula8_keybut/muxGenerico2x1.vhd Line: 10
    Warning (13048): Converted tri-state node "Data_IN[6]" into a selector File: E:/designcomputadoressetup/desComp/Aula8_keybut/muxGenerico2x1.vhd Line: 10
    Warning (13048): Converted tri-state node "Data_IN[5]" into a selector File: E:/designcomputadoressetup/desComp/Aula8_keybut/muxGenerico2x1.vhd Line: 10
    Warning (13048): Converted tri-state node "Data_IN[4]" into a selector File: E:/designcomputadoressetup/desComp/Aula8_keybut/muxGenerico2x1.vhd Line: 10
    Warning (13048): Converted tri-state node "Data_IN[3]" into a selector File: E:/designcomputadoressetup/desComp/Aula8_keybut/muxGenerico2x1.vhd Line: 10
    Warning (13048): Converted tri-state node "Data_IN[2]" into a selector File: E:/designcomputadoressetup/desComp/Aula8_keybut/muxGenerico2x1.vhd Line: 10
    Warning (13048): Converted tri-state node "Data_IN[1]" into a selector File: E:/designcomputadoressetup/desComp/Aula8_keybut/muxGenerico2x1.vhd Line: 10
    Warning (13048): Converted tri-state node "Data_IN[0]" into a selector File: E:/designcomputadoressetup/desComp/Aula8_keybut/muxGenerico2x1.vhd Line: 10
Info (286030): Timing-Driven Synthesis is running
Info (16010): Generating hard_block partition "hard_block:auto_generated_inst"
    Info (16011): Adding 0 node(s), including 0 DDIO, 0 PLL, 0 transceiver and 0 LCELL
Info (21057): Implemented 211 device resources after synthesis - the final resource count might be different
    Info (21058): Implemented 16 input pins
    Info (21059): Implemented 61 output pins
    Info (21061): Implemented 134 logic cells
Info: Quartus Prime Analysis & Synthesis was successful. 0 errors, 11 warnings
    Info: Peak virtual memory: 4905 megabytes
    Info: Processing ended: Wed Sep 15 12:51:28 2021
    Info: Elapsed time: 00:00:09
    Info: Total CPU time (on all processors): 00:00:16


