Analysis & Synthesis report for Aula2
Wed Sep 01 18:30:33 2021
Quartus Prime Version 20.1.0 Build 711 06/05/2020 SJ Lite Edition


---------------------
; Table of Contents ;
---------------------
  1. Legal Notice
  2. Analysis & Synthesis Summary
  3. Analysis & Synthesis Settings
  4. Parallel Compilation
  5. Analysis & Synthesis Source Files Read
  6. Analysis & Synthesis Resource Usage Summary
  7. Analysis & Synthesis Resource Utilization by Entity
  8. Registers Removed During Synthesis
  9. Removed Registers Triggering Further Register Optimizations
 10. General Register Statistics
 11. Parameter Settings for User Entity Instance: Top-level Entity: |Aula2
 12. Parameter Settings for User Entity Instance: muxGenerico2x1:MUX1
 13. Parameter Settings for User Entity Instance: registradorGenerico:REG1
 14. Parameter Settings for User Entity Instance: memoriaDADOS:REGDADOS1
 15. Parameter Settings for User Entity Instance: ULASomaSub:ULA1
 16. Parameter Settings for User Entity Instance: memoriaROM:ROM1
 17. Parameter Settings for User Entity Instance: Decodificador:DECODER1
 18. Parameter Settings for User Entity Instance: PC:PC1
 19. Parameter Settings for User Entity Instance: PC:PC1|ULASomaSub:ULA1
 20. Port Connectivity Checks: "PC:PC1|ULASomaSub:ULA1"
 21. Post-Synthesis Netlist Statistics for Top Partition
 22. Elapsed Time Per Partition
 23. Analysis & Synthesis Messages



----------------
; Legal Notice ;
----------------
Copyright (C) 2020  Intel Corporation. All rights reserved.
Your use of Intel Corporation's design tools, logic functions 
and other software and tools, and any partner logic 
functions, and any output files from any of the foregoing 
(including device programming or simulation files), and any 
associated documentation or information are expressly subject 
to the terms and conditions of the Intel Program License 
Subscription Agreement, the Intel Quartus Prime License Agreement,
the Intel FPGA IP License Agreement, or other applicable license
agreement, including, without limitation, that your use is for
the sole purpose of programming logic devices manufactured by
Intel and sold by Intel or its authorized distributors.  Please
refer to the applicable agreement for further details, at
https://fpgasoftware.intel.com/eula.



+-------------------------------------------------------------------------------+
; Analysis & Synthesis Summary                                                  ;
+---------------------------------+---------------------------------------------+
; Analysis & Synthesis Status     ; Successful - Wed Sep 01 18:30:33 2021       ;
; Quartus Prime Version           ; 20.1.0 Build 711 06/05/2020 SJ Lite Edition ;
; Revision Name                   ; Aula2                                       ;
; Top-level Entity Name           ; Aula2                                       ;
; Family                          ; Cyclone V                                   ;
; Logic utilization (in ALMs)     ; N/A                                         ;
; Total registers                 ; 28                                          ;
; Total pins                      ; 55                                          ;
; Total virtual pins              ; 0                                           ;
; Total block memory bits         ; 0                                           ;
; Total DSP Blocks                ; 0                                           ;
; Total HSSI RX PCSs              ; 0                                           ;
; Total HSSI PMA RX Deserializers ; 0                                           ;
; Total HSSI TX PCSs              ; 0                                           ;
; Total HSSI PMA TX Serializers   ; 0                                           ;
; Total PLLs                      ; 0                                           ;
; Total DLLs                      ; 0                                           ;
+---------------------------------+---------------------------------------------+


+---------------------------------------------------------------------------------------------------------------------------+
; Analysis & Synthesis Settings                                                                                             ;
+---------------------------------------------------------------------------------+--------------------+--------------------+
; Option                                                                          ; Setting            ; Default Value      ;
+---------------------------------------------------------------------------------+--------------------+--------------------+
; Device                                                                          ; 5CEBA4F23C7        ;                    ;
; Top-level entity name                                                           ; Aula2              ; Aula2              ;
; Family name                                                                     ; Cyclone V          ; Cyclone V          ;
; Maximum processors allowed for parallel compilation                             ; All                ;                    ;
; VHDL Show LMF Mapping Messages                                                  ; Off                ;                    ;
; VHDL Version                                                                    ; VHDL_2008          ; VHDL_1993          ;
; Use smart compilation                                                           ; Off                ; Off                ;
; Enable parallel Assembler and Timing Analyzer during compilation                ; On                 ; On                 ;
; Enable compact report table                                                     ; Off                ; Off                ;
; Restructure Multiplexers                                                        ; Auto               ; Auto               ;
; MLAB Add Timing Constraints For Mixed-Port Feed-Through Mode Setting Don't Care ; Off                ; Off                ;
; Create Debugging Nodes for IP Cores                                             ; Off                ; Off                ;
; Preserve fewer node names                                                       ; On                 ; On                 ;
; Intel FPGA IP Evaluation Mode                                                   ; Enable             ; Enable             ;
; Verilog Version                                                                 ; Verilog_2001       ; Verilog_2001       ;
; State Machine Processing                                                        ; Auto               ; Auto               ;
; Safe State Machine                                                              ; Off                ; Off                ;
; Extract Verilog State Machines                                                  ; On                 ; On                 ;
; Extract VHDL State Machines                                                     ; On                 ; On                 ;
; Ignore Verilog initial constructs                                               ; Off                ; Off                ;
; Iteration limit for constant Verilog loops                                      ; 5000               ; 5000               ;
; Iteration limit for non-constant Verilog loops                                  ; 250                ; 250                ;
; Add Pass-Through Logic to Inferred RAMs                                         ; On                 ; On                 ;
; Infer RAMs from Raw Logic                                                       ; On                 ; On                 ;
; Parallel Synthesis                                                              ; On                 ; On                 ;
; DSP Block Balancing                                                             ; Auto               ; Auto               ;
; NOT Gate Push-Back                                                              ; On                 ; On                 ;
; Power-Up Don't Care                                                             ; On                 ; On                 ;
; Remove Redundant Logic Cells                                                    ; Off                ; Off                ;
; Remove Duplicate Registers                                                      ; On                 ; On                 ;
; Ignore CARRY Buffers                                                            ; Off                ; Off                ;
; Ignore CASCADE Buffers                                                          ; Off                ; Off                ;
; Ignore GLOBAL Buffers                                                           ; Off                ; Off                ;
; Ignore ROW GLOBAL Buffers                                                       ; Off                ; Off                ;
; Ignore LCELL Buffers                                                            ; Off                ; Off                ;
; Ignore SOFT Buffers                                                             ; On                 ; On                 ;
; Limit AHDL Integers to 32 Bits                                                  ; Off                ; Off                ;
; Optimization Technique                                                          ; Balanced           ; Balanced           ;
; Carry Chain Length                                                              ; 70                 ; 70                 ;
; Auto Carry Chains                                                               ; On                 ; On                 ;
; Auto Open-Drain Pins                                                            ; On                 ; On                 ;
; Perform WYSIWYG Primitive Resynthesis                                           ; Off                ; Off                ;
; Auto ROM Replacement                                                            ; On                 ; On                 ;
; Auto RAM Replacement                                                            ; On                 ; On                 ;
; Auto DSP Block Replacement                                                      ; On                 ; On                 ;
; Auto Shift Register Replacement                                                 ; Auto               ; Auto               ;
; Allow Shift Register Merging across Hierarchies                                 ; Auto               ; Auto               ;
; Auto Clock Enable Replacement                                                   ; On                 ; On                 ;
; Strict RAM Replacement                                                          ; Off                ; Off                ;
; Allow Synchronous Control Signals                                               ; On                 ; On                 ;
; Force Use of Synchronous Clear Signals                                          ; Off                ; Off                ;
; Auto Resource Sharing                                                           ; Off                ; Off                ;
; Allow Any RAM Size For Recognition                                              ; Off                ; Off                ;
; Allow Any ROM Size For Recognition                                              ; Off                ; Off                ;
; Allow Any Shift Register Size For Recognition                                   ; Off                ; Off                ;
; Use LogicLock Constraints during Resource Balancing                             ; On                 ; On                 ;
; Ignore translate_off and synthesis_off directives                               ; Off                ; Off                ;
; Timing-Driven Synthesis                                                         ; On                 ; On                 ;
; Report Parameter Settings                                                       ; On                 ; On                 ;
; Report Source Assignments                                                       ; On                 ; On                 ;
; Report Connectivity Checks                                                      ; On                 ; On                 ;
; Ignore Maximum Fan-Out Assignments                                              ; Off                ; Off                ;
; Synchronization Register Chain Length                                           ; 3                  ; 3                  ;
; Power Optimization During Synthesis                                             ; Normal compilation ; Normal compilation ;
; HDL message level                                                               ; Level2             ; Level2             ;
; Suppress Register Optimization Related Messages                                 ; Off                ; Off                ;
; Number of Removed Registers Reported in Synthesis Report                        ; 5000               ; 5000               ;
; Number of Swept Nodes Reported in Synthesis Report                              ; 5000               ; 5000               ;
; Number of Inverted Registers Reported in Synthesis Report                       ; 100                ; 100                ;
; Clock MUX Protection                                                            ; On                 ; On                 ;
; Auto Gated Clock Conversion                                                     ; Off                ; Off                ;
; Block Design Naming                                                             ; Auto               ; Auto               ;
; SDC constraint protection                                                       ; Off                ; Off                ;
; Synthesis Effort                                                                ; Auto               ; Auto               ;
; Shift Register Replacement - Allow Asynchronous Clear Signal                    ; On                 ; On                 ;
; Pre-Mapping Resynthesis Optimization                                            ; Off                ; Off                ;
; Analysis & Synthesis Message Level                                              ; Medium             ; Medium             ;
; Disable Register Merging Across Hierarchies                                     ; Auto               ; Auto               ;
; Resource Aware Inference For Block RAM                                          ; On                 ; On                 ;
; Automatic Parallel Synthesis                                                    ; On                 ; On                 ;
; Partial Reconfiguration Bitstream ID                                            ; Off                ; Off                ;
+---------------------------------------------------------------------------------+--------------------+--------------------+


+------------------------------------------+
; Parallel Compilation                     ;
+----------------------------+-------------+
; Processors                 ; Number      ;
+----------------------------+-------------+
; Number detected on machine ; 12          ;
; Maximum allowed            ; 12          ;
;                            ;             ;
; Average used               ; 1.00        ;
; Maximum used               ; 12          ;
;                            ;             ;
; Usage by Processor         ; % Time Used ;
;     Processor 1            ; 100.0%      ;
;     Processors 2-12        ;   0.0%      ;
+----------------------------+-------------+


+---------------------------------------------------------------------------------------------------------------------------------------------------+
; Analysis & Synthesis Source Files Read                                                                                                            ;
+----------------------------------+-----------------+-----------------+------------------------------------------------------------------+---------+
; File Name with User-Entered Path ; Used in Netlist ; File Type       ; File Name with Absolute Path                                     ; Library ;
+----------------------------------+-----------------+-----------------+------------------------------------------------------------------+---------+
; Aula2.vhd                        ; yes             ; User VHDL File  ; E:/designcomputadoressetup/desComp/aula4/Aula2.vhd               ;         ;
; memoriaROM.vhd                   ; yes             ; User VHDL File  ; E:/designcomputadoressetup/desComp/aula4/memoriaROM.vhd          ;         ;
; muxGenerico2x1.vhd               ; yes             ; User VHDL File  ; E:/designcomputadoressetup/desComp/aula4/muxGenerico2x1.vhd      ;         ;
; ULASomaSub.vhd                   ; yes             ; User VHDL File  ; E:/designcomputadoressetup/desComp/aula4/ULASomaSub.vhd          ;         ;
; registradorGenerico.vhd          ; yes             ; User VHDL File  ; E:/designcomputadoressetup/desComp/aula4/registradorGenerico.vhd ;         ;
; Decodificador.vhd                ; yes             ; User VHDL File  ; E:/designcomputadoressetup/desComp/aula4/Decodificador.vhd       ;         ;
; PC.vhd                           ; yes             ; User VHDL File  ; E:/designcomputadoressetup/desComp/aula4/PC.vhd                  ;         ;
; memoriaDADOS.vhd                 ; yes             ; User VHDL File  ; E:/designcomputadoressetup/desComp/aula4/memoriaDADOS.vhd        ;         ;
+----------------------------------+-----------------+-----------------+------------------------------------------------------------------+---------+


+------------------------------------------------------------+
; Analysis & Synthesis Resource Usage Summary                ;
+---------------------------------------------+--------------+
; Resource                                    ; Usage        ;
+---------------------------------------------+--------------+
; Estimate of Logic utilization (ALMs needed) ; 36           ;
;                                             ;              ;
; Combinational ALUT usage for logic          ; 65           ;
;     -- 7 input functions                    ; 0            ;
;     -- 6 input functions                    ; 1            ;
;     -- 5 input functions                    ; 12           ;
;     -- 4 input functions                    ; 21           ;
;     -- <=3 input functions                  ; 31           ;
;                                             ;              ;
; Dedicated logic registers                   ; 28           ;
;                                             ;              ;
; I/O pins                                    ; 55           ;
;                                             ;              ;
; Total DSP Blocks                            ; 0            ;
;                                             ;              ;
; Maximum fan-out node                        ; KEY[0]~input ;
; Maximum fan-out                             ; 28           ;
; Total fan-out                               ; 438          ;
; Average fan-out                             ; 2.16         ;
+---------------------------------------------+--------------+


+---------------------------------------------------------------------------------------------------------------------------------------------------------------------------------------------------------------+
; Analysis & Synthesis Resource Utilization by Entity                                                                                                                                                           ;
+-------------------------------+---------------------+---------------------------+-------------------+------------+------+--------------+---------------------------------+---------------------+--------------+
; Compilation Hierarchy Node    ; Combinational ALUTs ; Dedicated Logic Registers ; Block Memory Bits ; DSP Blocks ; Pins ; Virtual Pins ; Full Hierarchy Name             ; Entity Name         ; Library Name ;
+-------------------------------+---------------------+---------------------------+-------------------+------------+------+--------------+---------------------------------+---------------------+--------------+
; |Aula2                        ; 65 (0)              ; 28 (0)                    ; 0                 ; 0          ; 55   ; 0            ; |Aula2                          ; Aula2               ; work         ;
;    |Decodificador:DECODER1|   ; 7 (7)               ; 0 (0)                     ; 0                 ; 0          ; 0    ; 0            ; |Aula2|Decodificador:DECODER1   ; Decodificador       ; work         ;
;    |PC:PC1|                   ; 4 (0)               ; 4 (4)                     ; 0                 ; 0          ; 0    ; 0            ; |Aula2|PC:PC1                   ; PC                  ; work         ;
;       |ULASomaSub:ULA1|       ; 4 (4)               ; 0 (0)                     ; 0                 ; 0          ; 0    ; 0            ; |Aula2|PC:PC1|ULASomaSub:ULA1   ; ULASomaSub          ; work         ;
;    |ULASomaSub:ULA1|          ; 17 (17)             ; 0 (0)                     ; 0                 ; 0          ; 0    ; 0            ; |Aula2|ULASomaSub:ULA1          ; ULASomaSub          ; work         ;
;    |memoriaDADOS:REGDADOS1|   ; 23 (23)             ; 16 (16)                   ; 0                 ; 0          ; 0    ; 0            ; |Aula2|memoriaDADOS:REGDADOS1   ; memoriaDADOS        ; work         ;
;    |memoriaROM:ROM1|          ; 6 (6)               ; 0 (0)                     ; 0                 ; 0          ; 0    ; 0            ; |Aula2|memoriaROM:ROM1          ; memoriaROM          ; work         ;
;    |muxGenerico2x1:MUX1|      ; 8 (8)               ; 0 (0)                     ; 0                 ; 0          ; 0    ; 0            ; |Aula2|muxGenerico2x1:MUX1      ; muxGenerico2x1      ; work         ;
;    |registradorGenerico:REG1| ; 0 (0)               ; 8 (8)                     ; 0                 ; 0          ; 0    ; 0            ; |Aula2|registradorGenerico:REG1 ; registradorGenerico ; work         ;
+-------------------------------+---------------------+---------------------------+-------------------+------------+------+--------------+---------------------------------+---------------------+--------------+
Note: For table entries with two numbers listed, the numbers in parentheses indicate the number of resources of the given type used by the specific entity alone. The numbers listed outside of parentheses indicate the total resources of the given type used by the specific entity and all of its sub-entities in the hierarchy.


+---------------------------------------------------------------------------------------+
; Registers Removed During Synthesis                                                    ;
+-----------------------------------------+---------------------------------------------+
; Register name                           ; Reason for Removal                          ;
+-----------------------------------------+---------------------------------------------+
; memoriaDADOS:REGDADOS1|ram~33           ; Stuck at GND due to stuck port data_in      ;
; memoriaDADOS:REGDADOS1|ram~41           ; Stuck at GND due to stuck port data_in      ;
; memoriaDADOS:REGDADOS1|ram~65           ; Stuck at GND due to stuck port data_in      ;
; memoriaDADOS:REGDADOS1|ram~73           ; Stuck at GND due to stuck port data_in      ;
; memoriaDADOS:REGDADOS1|ram~81           ; Stuck at GND due to stuck port data_in      ;
; memoriaDADOS:REGDADOS1|ram~89           ; Stuck at GND due to stuck port data_in      ;
; memoriaDADOS:REGDADOS1|ram~113          ; Stuck at GND due to stuck port data_in      ;
; memoriaDADOS:REGDADOS1|ram~121          ; Stuck at GND due to stuck port data_in      ;
; memoriaDADOS:REGDADOS1|ram~34           ; Stuck at GND due to stuck port data_in      ;
; memoriaDADOS:REGDADOS1|ram~42           ; Stuck at GND due to stuck port data_in      ;
; memoriaDADOS:REGDADOS1|ram~66           ; Stuck at GND due to stuck port data_in      ;
; memoriaDADOS:REGDADOS1|ram~74           ; Stuck at GND due to stuck port data_in      ;
; memoriaDADOS:REGDADOS1|ram~82           ; Stuck at GND due to stuck port data_in      ;
; memoriaDADOS:REGDADOS1|ram~90           ; Stuck at GND due to stuck port data_in      ;
; memoriaDADOS:REGDADOS1|ram~114          ; Stuck at GND due to stuck port data_in      ;
; memoriaDADOS:REGDADOS1|ram~122          ; Stuck at GND due to stuck port data_in      ;
; memoriaDADOS:REGDADOS1|ram~35           ; Stuck at GND due to stuck port data_in      ;
; memoriaDADOS:REGDADOS1|ram~43           ; Stuck at GND due to stuck port data_in      ;
; memoriaDADOS:REGDADOS1|ram~67           ; Stuck at GND due to stuck port data_in      ;
; memoriaDADOS:REGDADOS1|ram~75           ; Stuck at GND due to stuck port data_in      ;
; memoriaDADOS:REGDADOS1|ram~83           ; Stuck at GND due to stuck port data_in      ;
; memoriaDADOS:REGDADOS1|ram~91           ; Stuck at GND due to stuck port data_in      ;
; memoriaDADOS:REGDADOS1|ram~115          ; Stuck at GND due to stuck port data_in      ;
; memoriaDADOS:REGDADOS1|ram~123          ; Stuck at GND due to stuck port data_in      ;
; memoriaDADOS:REGDADOS1|ram~36           ; Stuck at GND due to stuck port data_in      ;
; memoriaDADOS:REGDADOS1|ram~44           ; Stuck at GND due to stuck port data_in      ;
; memoriaDADOS:REGDADOS1|ram~68           ; Stuck at GND due to stuck port data_in      ;
; memoriaDADOS:REGDADOS1|ram~76           ; Stuck at GND due to stuck port data_in      ;
; memoriaDADOS:REGDADOS1|ram~84           ; Stuck at GND due to stuck port data_in      ;
; memoriaDADOS:REGDADOS1|ram~92           ; Stuck at GND due to stuck port data_in      ;
; memoriaDADOS:REGDADOS1|ram~116          ; Stuck at GND due to stuck port data_in      ;
; memoriaDADOS:REGDADOS1|ram~124          ; Stuck at GND due to stuck port data_in      ;
; memoriaDADOS:REGDADOS1|ram~37           ; Stuck at GND due to stuck port data_in      ;
; memoriaDADOS:REGDADOS1|ram~45           ; Stuck at GND due to stuck port data_in      ;
; memoriaDADOS:REGDADOS1|ram~69           ; Stuck at GND due to stuck port data_in      ;
; memoriaDADOS:REGDADOS1|ram~77           ; Stuck at GND due to stuck port data_in      ;
; memoriaDADOS:REGDADOS1|ram~85           ; Stuck at GND due to stuck port data_in      ;
; memoriaDADOS:REGDADOS1|ram~93           ; Stuck at GND due to stuck port data_in      ;
; memoriaDADOS:REGDADOS1|ram~117          ; Stuck at GND due to stuck port data_in      ;
; memoriaDADOS:REGDADOS1|ram~125          ; Stuck at GND due to stuck port data_in      ;
; memoriaDADOS:REGDADOS1|ram~38           ; Stuck at GND due to stuck port data_in      ;
; memoriaDADOS:REGDADOS1|ram~46           ; Stuck at GND due to stuck port data_in      ;
; memoriaDADOS:REGDADOS1|ram~70           ; Stuck at GND due to stuck port data_in      ;
; memoriaDADOS:REGDADOS1|ram~78           ; Stuck at GND due to stuck port data_in      ;
; memoriaDADOS:REGDADOS1|ram~86           ; Stuck at GND due to stuck port data_in      ;
; memoriaDADOS:REGDADOS1|ram~94           ; Stuck at GND due to stuck port data_in      ;
; memoriaDADOS:REGDADOS1|ram~118          ; Stuck at GND due to stuck port data_in      ;
; memoriaDADOS:REGDADOS1|ram~126          ; Stuck at GND due to stuck port data_in      ;
; memoriaDADOS:REGDADOS1|ram~39           ; Stuck at GND due to stuck port data_in      ;
; memoriaDADOS:REGDADOS1|ram~47           ; Stuck at GND due to stuck port data_in      ;
; memoriaDADOS:REGDADOS1|ram~71           ; Stuck at GND due to stuck port data_in      ;
; memoriaDADOS:REGDADOS1|ram~79           ; Stuck at GND due to stuck port data_in      ;
; memoriaDADOS:REGDADOS1|ram~87           ; Stuck at GND due to stuck port data_in      ;
; memoriaDADOS:REGDADOS1|ram~95           ; Stuck at GND due to stuck port data_in      ;
; memoriaDADOS:REGDADOS1|ram~119          ; Stuck at GND due to stuck port data_in      ;
; memoriaDADOS:REGDADOS1|ram~127          ; Stuck at GND due to stuck port data_in      ;
; memoriaDADOS:REGDADOS1|ram~40           ; Stuck at GND due to stuck port data_in      ;
; memoriaDADOS:REGDADOS1|ram~48           ; Stuck at GND due to stuck port data_in      ;
; memoriaDADOS:REGDADOS1|ram~72           ; Stuck at GND due to stuck port data_in      ;
; memoriaDADOS:REGDADOS1|ram~80           ; Stuck at GND due to stuck port data_in      ;
; memoriaDADOS:REGDADOS1|ram~88           ; Stuck at GND due to stuck port data_in      ;
; memoriaDADOS:REGDADOS1|ram~96           ; Stuck at GND due to stuck port data_in      ;
; memoriaDADOS:REGDADOS1|ram~120          ; Stuck at GND due to stuck port data_in      ;
; memoriaDADOS:REGDADOS1|ram~128          ; Stuck at GND due to stuck port data_in      ;
; PC:PC1|dataOUT[4..8]                    ; Lost fanout                                 ;
; memoriaDADOS:REGDADOS1|ram~129          ; Stuck at GND due to stuck port clock_enable ;
; memoriaDADOS:REGDADOS1|ram~137          ; Stuck at GND due to stuck port clock_enable ;
; memoriaDADOS:REGDADOS1|ram~130          ; Stuck at GND due to stuck port clock_enable ;
; memoriaDADOS:REGDADOS1|ram~138          ; Stuck at GND due to stuck port clock_enable ;
; memoriaDADOS:REGDADOS1|ram~131          ; Stuck at GND due to stuck port clock_enable ;
; memoriaDADOS:REGDADOS1|ram~139          ; Stuck at GND due to stuck port clock_enable ;
; memoriaDADOS:REGDADOS1|ram~132          ; Stuck at GND due to stuck port clock_enable ;
; memoriaDADOS:REGDADOS1|ram~140          ; Stuck at GND due to stuck port clock_enable ;
; memoriaDADOS:REGDADOS1|ram~133          ; Stuck at GND due to stuck port clock_enable ;
; memoriaDADOS:REGDADOS1|ram~141          ; Stuck at GND due to stuck port clock_enable ;
; memoriaDADOS:REGDADOS1|ram~134          ; Stuck at GND due to stuck port clock_enable ;
; memoriaDADOS:REGDADOS1|ram~142          ; Stuck at GND due to stuck port clock_enable ;
; memoriaDADOS:REGDADOS1|ram~135          ; Stuck at GND due to stuck port clock_enable ;
; memoriaDADOS:REGDADOS1|ram~143          ; Stuck at GND due to stuck port clock_enable ;
; memoriaDADOS:REGDADOS1|ram~144          ; Stuck at GND due to stuck port clock_enable ;
; memoriaDADOS:REGDADOS1|ram~136          ; Stuck at GND due to stuck port clock_enable ;
; memoriaDADOS:REGDADOS1|ram~97           ; Stuck at GND due to stuck port clock_enable ;
; memoriaDADOS:REGDADOS1|ram~105          ; Stuck at GND due to stuck port clock_enable ;
; memoriaDADOS:REGDADOS1|ram~49           ; Stuck at GND due to stuck port clock_enable ;
; memoriaDADOS:REGDADOS1|ram~57           ; Stuck at GND due to stuck port clock_enable ;
; memoriaDADOS:REGDADOS1|ram~98           ; Stuck at GND due to stuck port clock_enable ;
; memoriaDADOS:REGDADOS1|ram~106          ; Stuck at GND due to stuck port clock_enable ;
; memoriaDADOS:REGDADOS1|ram~50           ; Stuck at GND due to stuck port clock_enable ;
; memoriaDADOS:REGDADOS1|ram~58           ; Stuck at GND due to stuck port clock_enable ;
; memoriaDADOS:REGDADOS1|ram~99           ; Stuck at GND due to stuck port clock_enable ;
; memoriaDADOS:REGDADOS1|ram~107          ; Stuck at GND due to stuck port clock_enable ;
; memoriaDADOS:REGDADOS1|ram~51           ; Stuck at GND due to stuck port clock_enable ;
; memoriaDADOS:REGDADOS1|ram~59           ; Stuck at GND due to stuck port clock_enable ;
; memoriaDADOS:REGDADOS1|ram~100          ; Stuck at GND due to stuck port clock_enable ;
; memoriaDADOS:REGDADOS1|ram~108          ; Stuck at GND due to stuck port clock_enable ;
; memoriaDADOS:REGDADOS1|ram~52           ; Stuck at GND due to stuck port clock_enable ;
; memoriaDADOS:REGDADOS1|ram~60           ; Stuck at GND due to stuck port clock_enable ;
; memoriaDADOS:REGDADOS1|ram~101          ; Stuck at GND due to stuck port clock_enable ;
; memoriaDADOS:REGDADOS1|ram~109          ; Stuck at GND due to stuck port clock_enable ;
; memoriaDADOS:REGDADOS1|ram~53           ; Stuck at GND due to stuck port clock_enable ;
; memoriaDADOS:REGDADOS1|ram~61           ; Stuck at GND due to stuck port clock_enable ;
; memoriaDADOS:REGDADOS1|ram~62           ; Stuck at GND due to stuck port clock_enable ;
; memoriaDADOS:REGDADOS1|ram~54           ; Stuck at GND due to stuck port clock_enable ;
; memoriaDADOS:REGDADOS1|ram~110          ; Stuck at GND due to stuck port clock_enable ;
; memoriaDADOS:REGDADOS1|ram~102          ; Stuck at GND due to stuck port clock_enable ;
; memoriaDADOS:REGDADOS1|ram~103          ; Stuck at GND due to stuck port clock_enable ;
; memoriaDADOS:REGDADOS1|ram~111          ; Stuck at GND due to stuck port clock_enable ;
; memoriaDADOS:REGDADOS1|ram~55           ; Stuck at GND due to stuck port clock_enable ;
; memoriaDADOS:REGDADOS1|ram~63           ; Stuck at GND due to stuck port clock_enable ;
; memoriaDADOS:REGDADOS1|ram~112          ; Stuck at GND due to stuck port clock_enable ;
; memoriaDADOS:REGDADOS1|ram~104          ; Stuck at GND due to stuck port clock_enable ;
; memoriaDADOS:REGDADOS1|ram~64           ; Stuck at GND due to stuck port clock_enable ;
; memoriaDADOS:REGDADOS1|ram~56           ; Stuck at GND due to stuck port clock_enable ;
; Total Number of Removed Registers = 117 ;                                             ;
+-----------------------------------------+---------------------------------------------+


+---------------------------------------------------------------------------------------------------------------------+
; Removed Registers Triggering Further Register Optimizations                                                         ;
+-------------------+--------------------+----------------------------------------------------------------------------+
; Register name     ; Reason for Removal ; Registers Removed due to This Register                                     ;
+-------------------+--------------------+----------------------------------------------------------------------------+
; PC:PC1|dataOUT[8] ; Lost Fanouts       ; PC:PC1|dataOUT[7], PC:PC1|dataOUT[6], PC:PC1|dataOUT[5], PC:PC1|dataOUT[4] ;
+-------------------+--------------------+----------------------------------------------------------------------------+


+------------------------------------------------------+
; General Register Statistics                          ;
+----------------------------------------------+-------+
; Statistic                                    ; Value ;
+----------------------------------------------+-------+
; Total registers                              ; 28    ;
; Number of registers using Synchronous Clear  ; 0     ;
; Number of registers using Synchronous Load   ; 8     ;
; Number of registers using Asynchronous Clear ; 0     ;
; Number of registers using Asynchronous Load  ; 0     ;
; Number of registers using Clock Enable       ; 24    ;
; Number of registers using Preset             ; 0     ;
+----------------------------------------------+-------+


+-----------------------------------------------------------------------+
; Parameter Settings for User Entity Instance: Top-level Entity: |Aula2 ;
+----------------+-------+----------------------------------------------+
; Parameter Name ; Value ; Type                                         ;
+----------------+-------+----------------------------------------------+
; larguraDados   ; 8     ; Signed Integer                               ;
; simulacao      ; true  ; Enumerated                                   ;
+----------------+-------+----------------------------------------------+
Note: In order to hide this table in the UI and the text report file, please set the "Show Parameter Settings in Synthesis Report" option in "Analysis and Synthesis Settings -> More Settings" to "Off".


+------------------------------------------------------------------+
; Parameter Settings for User Entity Instance: muxGenerico2x1:MUX1 ;
+----------------+-------+-----------------------------------------+
; Parameter Name ; Value ; Type                                    ;
+----------------+-------+-----------------------------------------+
; larguradados   ; 8     ; Signed Integer                          ;
+----------------+-------+-----------------------------------------+
Note: In order to hide this table in the UI and the text report file, please set the "Show Parameter Settings in Synthesis Report" option in "Analysis and Synthesis Settings -> More Settings" to "Off".


+-----------------------------------------------------------------------+
; Parameter Settings for User Entity Instance: registradorGenerico:REG1 ;
+----------------+-------+----------------------------------------------+
; Parameter Name ; Value ; Type                                         ;
+----------------+-------+----------------------------------------------+
; larguradados   ; 8     ; Signed Integer                               ;
+----------------+-------+----------------------------------------------+
Note: In order to hide this table in the UI and the text report file, please set the "Show Parameter Settings in Synthesis Report" option in "Analysis and Synthesis Settings -> More Settings" to "Off".


+---------------------------------------------------------------------+
; Parameter Settings for User Entity Instance: memoriaDADOS:REGDADOS1 ;
+----------------+-------+--------------------------------------------+
; Parameter Name ; Value ; Type                                       ;
+----------------+-------+--------------------------------------------+
; datawidth      ; 8     ; Signed Integer                             ;
; addrwidth      ; 8     ; Signed Integer                             ;
+----------------+-------+--------------------------------------------+
Note: In order to hide this table in the UI and the text report file, please set the "Show Parameter Settings in Synthesis Report" option in "Analysis and Synthesis Settings -> More Settings" to "Off".


+--------------------------------------------------------------+
; Parameter Settings for User Entity Instance: ULASomaSub:ULA1 ;
+----------------+-------+-------------------------------------+
; Parameter Name ; Value ; Type                                ;
+----------------+-------+-------------------------------------+
; larguradados   ; 8     ; Signed Integer                      ;
+----------------+-------+-------------------------------------+
Note: In order to hide this table in the UI and the text report file, please set the "Show Parameter Settings in Synthesis Report" option in "Analysis and Synthesis Settings -> More Settings" to "Off".


+--------------------------------------------------------------+
; Parameter Settings for User Entity Instance: memoriaROM:ROM1 ;
+----------------+-------+-------------------------------------+
; Parameter Name ; Value ; Type                                ;
+----------------+-------+-------------------------------------+
; datawidth      ; 13    ; Signed Integer                      ;
; addrwidth      ; 4     ; Signed Integer                      ;
+----------------+-------+-------------------------------------+
Note: In order to hide this table in the UI and the text report file, please set the "Show Parameter Settings in Synthesis Report" option in "Analysis and Synthesis Settings -> More Settings" to "Off".


+---------------------------------------------------------------------+
; Parameter Settings for User Entity Instance: Decodificador:DECODER1 ;
+----------------+-------+--------------------------------------------+
; Parameter Name ; Value ; Type                                       ;
+----------------+-------+--------------------------------------------+
; data_width     ; 4     ; Signed Integer                             ;
+----------------+-------+--------------------------------------------+
Note: In order to hide this table in the UI and the text report file, please set the "Show Parameter Settings in Synthesis Report" option in "Analysis and Synthesis Settings -> More Settings" to "Off".


+-----------------------------------------------------+
; Parameter Settings for User Entity Instance: PC:PC1 ;
+----------------+-------+----------------------------+
; Parameter Name ; Value ; Type                       ;
+----------------+-------+----------------------------+
; data_width     ; 9     ; Signed Integer             ;
+----------------+-------+----------------------------+
Note: In order to hide this table in the UI and the text report file, please set the "Show Parameter Settings in Synthesis Report" option in "Analysis and Synthesis Settings -> More Settings" to "Off".


+---------------------------------------------------------------------+
; Parameter Settings for User Entity Instance: PC:PC1|ULASomaSub:ULA1 ;
+----------------+-------+--------------------------------------------+
; Parameter Name ; Value ; Type                                       ;
+----------------+-------+--------------------------------------------+
; larguradados   ; 9     ; Signed Integer                             ;
+----------------+-------+--------------------------------------------+
Note: In order to hide this table in the UI and the text report file, please set the "Show Parameter Settings in Synthesis Report" option in "Analysis and Synthesis Settings -> More Settings" to "Off".


+----------------------------------------------------+
; Port Connectivity Checks: "PC:PC1|ULASomaSub:ULA1" ;
+----------------+-------+----------+----------------+
; Port           ; Type  ; Severity ; Details        ;
+----------------+-------+----------+----------------+
; entradab[8..1] ; Input ; Info     ; Stuck at GND   ;
; entradab[0]    ; Input ; Info     ; Stuck at VCC   ;
; seletor[1]     ; Input ; Info     ; Stuck at GND   ;
; seletor[0]     ; Input ; Info     ; Stuck at VCC   ;
+----------------+-------+----------+----------------+


+-----------------------------------------------------+
; Post-Synthesis Netlist Statistics for Top Partition ;
+-----------------------+-----------------------------+
; Type                  ; Count                       ;
+-----------------------+-----------------------------+
; arriav_ff             ; 28                          ;
;     ENA               ; 16                          ;
;     ENA SLD           ; 8                           ;
;     plain             ; 4                           ;
; arriav_io_obuf        ; 8                           ;
; arriav_lcell_comb     ; 68                          ;
;     arith             ; 13                          ;
;         1 data inputs ; 4                           ;
;         4 data inputs ; 1                           ;
;         5 data inputs ; 8                           ;
;     normal            ; 55                          ;
;         0 data inputs ; 1                           ;
;         1 data inputs ; 2                           ;
;         2 data inputs ; 11                          ;
;         3 data inputs ; 16                          ;
;         4 data inputs ; 20                          ;
;         5 data inputs ; 4                           ;
;         6 data inputs ; 1                           ;
; boundary_port         ; 55                          ;
;                       ;                             ;
; Max LUT depth         ; 5.70                        ;
; Average LUT depth     ; 3.98                        ;
+-----------------------+-----------------------------+


+-------------------------------+
; Elapsed Time Per Partition    ;
+----------------+--------------+
; Partition Name ; Elapsed Time ;
+----------------+--------------+
; Top            ; 00:00:00     ;
+----------------+--------------+


+-------------------------------+
; Analysis & Synthesis Messages ;
+-------------------------------+
Info: *******************************************************************
Info: Running Quartus Prime Analysis & Synthesis
    Info: Version 20.1.0 Build 711 06/05/2020 SJ Lite Edition
    Info: Processing started: Wed Sep 01 18:30:24 2021
Info: Command: quartus_map --read_settings_files=on --write_settings_files=off Aula3 -c Aula2
Info (20030): Parallel compilation is enabled and will use 12 of the 12 processors detected
Info (12021): Found 2 design units, including 1 entities, in source file aula2.vhd
    Info (12022): Found design unit 1: Aula2-arquitetura File: E:/designcomputadoressetup/desComp/aula4/Aula2.vhd Line: 24
    Info (12023): Found entity 1: Aula2 File: E:/designcomputadoressetup/desComp/aula4/Aula2.vhd Line: 4
Info (12021): Found 2 design units, including 1 entities, in source file memoriarom.vhd
    Info (12022): Found design unit 1: memoriaROM-assincrona File: E:/designcomputadoressetup/desComp/aula4/memoriaROM.vhd Line: 16
    Info (12023): Found entity 1: memoriaROM File: E:/designcomputadoressetup/desComp/aula4/memoriaROM.vhd Line: 5
Info (12021): Found 3 design units, including 1 entities, in source file edgedetector.vhd
    Info (12022): Found design unit 1: edgeDetector-bordaSubida File: E:/designcomputadoressetup/desComp/aula4/edgeDetector.vhd Line: 10
    Info (12022): Found design unit 2: edgeDetector-bordaDescida File: E:/designcomputadoressetup/desComp/aula4/edgeDetector.vhd Line: 23
    Info (12023): Found entity 1: edgeDetector File: E:/designcomputadoressetup/desComp/aula4/edgeDetector.vhd Line: 4
Info (12021): Found 2 design units, including 1 entities, in source file muxgenerico2x1.vhd
    Info (12022): Found design unit 1: muxGenerico2x1-comportamento File: E:/designcomputadoressetup/desComp/aula4/muxGenerico2x1.vhd Line: 14
    Info (12023): Found entity 1: muxGenerico2x1 File: E:/designcomputadoressetup/desComp/aula4/muxGenerico2x1.vhd Line: 4
Info (12021): Found 2 design units, including 1 entities, in source file ulasomasub.vhd
    Info (12022): Found design unit 1: ULASomaSub-comportamento File: E:/designcomputadoressetup/desComp/aula4/ULASomaSub.vhd Line: 14
    Info (12023): Found entity 1: ULASomaSub File: E:/designcomputadoressetup/desComp/aula4/ULASomaSub.vhd Line: 5
Info (12021): Found 2 design units, including 1 entities, in source file registradorgenerico.vhd
    Info (12022): Found design unit 1: registradorGenerico-comportamento File: E:/designcomputadoressetup/desComp/aula4/registradorGenerico.vhd Line: 15
    Info (12023): Found entity 1: registradorGenerico File: E:/designcomputadoressetup/desComp/aula4/registradorGenerico.vhd Line: 4
Info (12021): Found 2 design units, including 1 entities, in source file decodificador.vhd
    Info (12022): Found design unit 1: Decodificador-arquitetura File: E:/designcomputadoressetup/desComp/aula4/Decodificador.vhd Line: 26
    Info (12023): Found entity 1: Decodificador File: E:/designcomputadoressetup/desComp/aula4/Decodificador.vhd Line: 5
Info (12021): Found 2 design units, including 1 entities, in source file pc.vhd
    Info (12022): Found design unit 1: PC-arch_name File: E:/designcomputadoressetup/desComp/aula4/PC.vhd Line: 21
    Info (12023): Found entity 1: PC File: E:/designcomputadoressetup/desComp/aula4/PC.vhd Line: 5
Info (12021): Found 2 design units, including 1 entities, in source file memoriadados.vhd
    Info (12022): Found design unit 1: memoriaDADOS-rtl File: E:/designcomputadoressetup/desComp/aula4/memoriaDADOS.vhd Line: 23
    Info (12023): Found entity 1: memoriaDADOS File: E:/designcomputadoressetup/desComp/aula4/memoriaDADOS.vhd Line: 6
Info (12127): Elaborating entity "Aula2" for the top level hierarchy
Warning (10873): Using initial value X (don't care) for net "LEDR[9..8]" at Aula2.vhd(13) File: E:/designcomputadoressetup/desComp/aula4/Aula2.vhd Line: 13
Info (12128): Elaborating entity "muxGenerico2x1" for hierarchy "muxGenerico2x1:MUX1" File: E:/designcomputadoressetup/desComp/aula4/Aula2.vhd Line: 57
Info (12128): Elaborating entity "registradorGenerico" for hierarchy "registradorGenerico:REG1" File: E:/designcomputadoressetup/desComp/aula4/Aula2.vhd Line: 64
Info (12128): Elaborating entity "memoriaDADOS" for hierarchy "memoriaDADOS:REGDADOS1" File: E:/designcomputadoressetup/desComp/aula4/Aula2.vhd Line: 68
Info (12128): Elaborating entity "ULASomaSub" for hierarchy "ULASomaSub:ULA1" File: E:/designcomputadoressetup/desComp/aula4/Aula2.vhd Line: 72
Info (12128): Elaborating entity "memoriaROM" for hierarchy "memoriaROM:ROM1" File: E:/designcomputadoressetup/desComp/aula4/Aula2.vhd Line: 76
Info (12128): Elaborating entity "Decodificador" for hierarchy "Decodificador:DECODER1" File: E:/designcomputadoressetup/desComp/aula4/Aula2.vhd Line: 79
Warning (10036): Verilog HDL or VHDL warning at Decodificador.vhd(28): object "NOP" assigned a value but never read File: E:/designcomputadoressetup/desComp/aula4/Decodificador.vhd Line: 28
Info (12128): Elaborating entity "PC" for hierarchy "PC:PC1" File: E:/designcomputadoressetup/desComp/aula4/Aula2.vhd Line: 83
Info (12128): Elaborating entity "ULASomaSub" for hierarchy "PC:PC1|ULASomaSub:ULA1" File: E:/designcomputadoressetup/desComp/aula4/PC.vhd Line: 28
Info (276014): Found 2 instances of uninferred RAM logic
    Info (276004): RAM logic "memoriaROM:ROM1|memROM" is uninferred due to inappropriate RAM size File: E:/designcomputadoressetup/desComp/aula4/memoriaROM.vhd Line: 41
    Info (276007): RAM logic "memoriaDADOS:REGDADOS1|ram" is uninferred due to asynchronous read logic File: E:/designcomputadoressetup/desComp/aula4/memoriaDADOS.vhd Line: 29
Warning (13046): Tri-state node(s) do not directly drive top-level pin(s)
    Warning (13047): Converted the fan-out from the tri-state buffer "memoriaDADOS:REGDADOS1|dado_out[0]" to the node "muxGenerico2x1:MUX1|saida_MUX[0]" into an OR gate File: E:/designcomputadoressetup/desComp/aula4/memoriaDADOS.vhd Line: 19
    Warning (13047): Converted the fan-out from the tri-state buffer "memoriaDADOS:REGDADOS1|dado_out[1]" to the node "muxGenerico2x1:MUX1|saida_MUX[1]" into an OR gate File: E:/designcomputadoressetup/desComp/aula4/memoriaDADOS.vhd Line: 19
    Warning (13047): Converted the fan-out from the tri-state buffer "memoriaDADOS:REGDADOS1|dado_out[2]" to the node "muxGenerico2x1:MUX1|saida_MUX[2]" into an OR gate File: E:/designcomputadoressetup/desComp/aula4/memoriaDADOS.vhd Line: 19
    Warning (13047): Converted the fan-out from the tri-state buffer "memoriaDADOS:REGDADOS1|dado_out[3]" to the node "muxGenerico2x1:MUX1|saida_MUX[3]" into an OR gate File: E:/designcomputadoressetup/desComp/aula4/memoriaDADOS.vhd Line: 19
    Warning (13047): Converted the fan-out from the tri-state buffer "memoriaDADOS:REGDADOS1|dado_out[4]" to the node "muxGenerico2x1:MUX1|saida_MUX[4]" into an OR gate File: E:/designcomputadoressetup/desComp/aula4/memoriaDADOS.vhd Line: 19
    Warning (13047): Converted the fan-out from the tri-state buffer "memoriaDADOS:REGDADOS1|dado_out[5]" to the node "muxGenerico2x1:MUX1|saida_MUX[5]" into an OR gate File: E:/designcomputadoressetup/desComp/aula4/memoriaDADOS.vhd Line: 19
    Warning (13047): Converted the fan-out from the tri-state buffer "memoriaDADOS:REGDADOS1|dado_out[6]" to the node "muxGenerico2x1:MUX1|saida_MUX[6]" into an OR gate File: E:/designcomputadoressetup/desComp/aula4/memoriaDADOS.vhd Line: 19
    Warning (13047): Converted the fan-out from the tri-state buffer "memoriaDADOS:REGDADOS1|dado_out[7]" to the node "muxGenerico2x1:MUX1|saida_MUX[7]" into an OR gate File: E:/designcomputadoressetup/desComp/aula4/memoriaDADOS.vhd Line: 19
Warning (13024): Output pins are stuck at VCC or GND
    Warning (13410): Pin "LEDR[8]" is stuck at GND File: E:/designcomputadoressetup/desComp/aula4/Aula2.vhd Line: 13
    Warning (13410): Pin "LEDR[9]" is stuck at GND File: E:/designcomputadoressetup/desComp/aula4/Aula2.vhd Line: 13
    Warning (13410): Pin "ENTRADA_MUX_1[4]" is stuck at GND File: E:/designcomputadoressetup/desComp/aula4/Aula2.vhd Line: 17
    Warning (13410): Pin "ENTRADA_MUX_1[5]" is stuck at GND File: E:/designcomputadoressetup/desComp/aula4/Aula2.vhd Line: 17
    Warning (13410): Pin "ENTRADA_MUX_1[6]" is stuck at GND File: E:/designcomputadoressetup/desComp/aula4/Aula2.vhd Line: 17
    Warning (13410): Pin "ENTRADA_MUX_1[7]" is stuck at GND File: E:/designcomputadoressetup/desComp/aula4/Aula2.vhd Line: 17
Info (286030): Timing-Driven Synthesis is running
Info (17049): 5 registers lost all their fanouts during netlist optimizations.
Info (16010): Generating hard_block partition "hard_block:auto_generated_inst"
    Info (16011): Adding 0 node(s), including 0 DDIO, 0 PLL, 0 transceiver and 0 LCELL
Warning (21074): Design contains 4 input pin(s) that do not drive logic
    Warning (15610): No output dependent on input pin "CLOCK_50" File: E:/designcomputadoressetup/desComp/aula4/Aula2.vhd Line: 10
    Warning (15610): No output dependent on input pin "KEY[1]" File: E:/designcomputadoressetup/desComp/aula4/Aula2.vhd Line: 11
    Warning (15610): No output dependent on input pin "KEY[2]" File: E:/designcomputadoressetup/desComp/aula4/Aula2.vhd Line: 11
    Warning (15610): No output dependent on input pin "KEY[3]" File: E:/designcomputadoressetup/desComp/aula4/Aula2.vhd Line: 11
Info (21057): Implemented 144 device resources after synthesis - the final resource count might be different
    Info (21058): Implemented 5 input pins
    Info (21059): Implemented 50 output pins
    Info (21061): Implemented 89 logic cells
Info: Quartus Prime Analysis & Synthesis was successful. 0 errors, 23 warnings
    Info: Peak virtual memory: 4890 megabytes
    Info: Processing ended: Wed Sep 01 18:30:33 2021
    Info: Elapsed time: 00:00:09
    Info: Total CPU time (on all processors): 00:00:19


