Analysis & Synthesis report for tipoR
Tue Oct 19 20:56:58 2021
Quartus Prime Version 20.1.0 Build 711 06/05/2020 SJ Lite Edition


---------------------
; Table of Contents ;
---------------------
  1. Legal Notice
  2. Analysis & Synthesis Summary
  3. Analysis & Synthesis Settings
  4. Parallel Compilation
  5. Analysis & Synthesis Source Files Read
  6. Analysis & Synthesis Resource Usage Summary
  7. Analysis & Synthesis Resource Utilization by Entity
  8. General Register Statistics
  9. Parameter Settings for User Entity Instance: Top-level Entity: |tipoR
 10. Parameter Settings for User Entity Instance: somadorGenerico:somador
 11. Parameter Settings for User Entity Instance: ULA:ULA
 12. Parameter Settings for User Entity Instance: registradorGenerico:PC
 13. Parameter Settings for User Entity Instance: bancoRegistradores:bancoReg
 14. Port Connectivity Checks: "registradorGenerico:PC"
 15. Port Connectivity Checks: "ULA:ULA"
 16. Port Connectivity Checks: "somadorGenerico:somador"
 17. Post-Synthesis Netlist Statistics for Top Partition
 18. Elapsed Time Per Partition
 19. Analysis & Synthesis Messages



----------------
; Legal Notice ;
----------------
Copyright (C) 2020  Intel Corporation. All rights reserved.
Your use of Intel Corporation's design tools, logic functions 
and other software and tools, and any partner logic 
functions, and any output files from any of the foregoing 
(including device programming or simulation files), and any 
associated documentation or information are expressly subject 
to the terms and conditions of the Intel Program License 
Subscription Agreement, the Intel Quartus Prime License Agreement,
the Intel FPGA IP License Agreement, or other applicable license
agreement, including, without limitation, that your use is for
the sole purpose of programming logic devices manufactured by
Intel and sold by Intel or its authorized distributors.  Please
refer to the applicable agreement for further details, at
https://fpgasoftware.intel.com/eula.



+-------------------------------------------------------------------------------+
; Analysis & Synthesis Summary                                                  ;
+---------------------------------+---------------------------------------------+
; Analysis & Synthesis Status     ; Successful - Tue Oct 19 20:56:58 2021       ;
; Quartus Prime Version           ; 20.1.0 Build 711 06/05/2020 SJ Lite Edition ;
; Revision Name                   ; tipoR                                       ;
; Top-level Entity Name           ; tipoR                                       ;
; Family                          ; Cyclone V                                   ;
; Logic utilization (in ALMs)     ; N/A                                         ;
; Total registers                 ; 0                                           ;
; Total pins                      ; 17                                          ;
; Total virtual pins              ; 0                                           ;
; Total block memory bits         ; 0                                           ;
; Total DSP Blocks                ; 0                                           ;
; Total HSSI RX PCSs              ; 0                                           ;
; Total HSSI PMA RX Deserializers ; 0                                           ;
; Total HSSI TX PCSs              ; 0                                           ;
; Total HSSI PMA TX Serializers   ; 0                                           ;
; Total PLLs                      ; 0                                           ;
; Total DLLs                      ; 0                                           ;
+---------------------------------+---------------------------------------------+


+---------------------------------------------------------------------------------------------------------------------------+
; Analysis & Synthesis Settings                                                                                             ;
+---------------------------------------------------------------------------------+--------------------+--------------------+
; Option                                                                          ; Setting            ; Default Value      ;
+---------------------------------------------------------------------------------+--------------------+--------------------+
; Device                                                                          ; 5CEBA4F23C7        ;                    ;
; Top-level entity name                                                           ; tipoR              ; tipoR              ;
; Family name                                                                     ; Cyclone V          ; Cyclone V          ;
; VHDL Show LMF Mapping Messages                                                  ; Off                ;                    ;
; VHDL Version                                                                    ; VHDL_2008          ; VHDL_1993          ;
; Use smart compilation                                                           ; Off                ; Off                ;
; Enable parallel Assembler and Timing Analyzer during compilation                ; On                 ; On                 ;
; Enable compact report table                                                     ; Off                ; Off                ;
; Restructure Multiplexers                                                        ; Auto               ; Auto               ;
; MLAB Add Timing Constraints For Mixed-Port Feed-Through Mode Setting Don't Care ; Off                ; Off                ;
; Create Debugging Nodes for IP Cores                                             ; Off                ; Off                ;
; Preserve fewer node names                                                       ; On                 ; On                 ;
; Intel FPGA IP Evaluation Mode                                                   ; Enable             ; Enable             ;
; Verilog Version                                                                 ; Verilog_2001       ; Verilog_2001       ;
; State Machine Processing                                                        ; Auto               ; Auto               ;
; Safe State Machine                                                              ; Off                ; Off                ;
; Extract Verilog State Machines                                                  ; On                 ; On                 ;
; Extract VHDL State Machines                                                     ; On                 ; On                 ;
; Ignore Verilog initial constructs                                               ; Off                ; Off                ;
; Iteration limit for constant Verilog loops                                      ; 5000               ; 5000               ;
; Iteration limit for non-constant Verilog loops                                  ; 250                ; 250                ;
; Add Pass-Through Logic to Inferred RAMs                                         ; On                 ; On                 ;
; Infer RAMs from Raw Logic                                                       ; On                 ; On                 ;
; Parallel Synthesis                                                              ; On                 ; On                 ;
; DSP Block Balancing                                                             ; Auto               ; Auto               ;
; NOT Gate Push-Back                                                              ; On                 ; On                 ;
; Power-Up Don't Care                                                             ; On                 ; On                 ;
; Remove Redundant Logic Cells                                                    ; Off                ; Off                ;
; Remove Duplicate Registers                                                      ; On                 ; On                 ;
; Ignore CARRY Buffers                                                            ; Off                ; Off                ;
; Ignore CASCADE Buffers                                                          ; Off                ; Off                ;
; Ignore GLOBAL Buffers                                                           ; Off                ; Off                ;
; Ignore ROW GLOBAL Buffers                                                       ; Off                ; Off                ;
; Ignore LCELL Buffers                                                            ; Off                ; Off                ;
; Ignore SOFT Buffers                                                             ; On                 ; On                 ;
; Limit AHDL Integers to 32 Bits                                                  ; Off                ; Off                ;
; Optimization Technique                                                          ; Balanced           ; Balanced           ;
; Carry Chain Length                                                              ; 70                 ; 70                 ;
; Auto Carry Chains                                                               ; On                 ; On                 ;
; Auto Open-Drain Pins                                                            ; On                 ; On                 ;
; Perform WYSIWYG Primitive Resynthesis                                           ; Off                ; Off                ;
; Auto ROM Replacement                                                            ; On                 ; On                 ;
; Auto RAM Replacement                                                            ; On                 ; On                 ;
; Auto DSP Block Replacement                                                      ; On                 ; On                 ;
; Auto Shift Register Replacement                                                 ; Auto               ; Auto               ;
; Allow Shift Register Merging across Hierarchies                                 ; Auto               ; Auto               ;
; Auto Clock Enable Replacement                                                   ; On                 ; On                 ;
; Strict RAM Replacement                                                          ; Off                ; Off                ;
; Allow Synchronous Control Signals                                               ; On                 ; On                 ;
; Force Use of Synchronous Clear Signals                                          ; Off                ; Off                ;
; Auto Resource Sharing                                                           ; Off                ; Off                ;
; Allow Any RAM Size For Recognition                                              ; Off                ; Off                ;
; Allow Any ROM Size For Recognition                                              ; Off                ; Off                ;
; Allow Any Shift Register Size For Recognition                                   ; Off                ; Off                ;
; Use LogicLock Constraints during Resource Balancing                             ; On                 ; On                 ;
; Ignore translate_off and synthesis_off directives                               ; Off                ; Off                ;
; Timing-Driven Synthesis                                                         ; On                 ; On                 ;
; Report Parameter Settings                                                       ; On                 ; On                 ;
; Report Source Assignments                                                       ; On                 ; On                 ;
; Report Connectivity Checks                                                      ; On                 ; On                 ;
; Ignore Maximum Fan-Out Assignments                                              ; Off                ; Off                ;
; Synchronization Register Chain Length                                           ; 3                  ; 3                  ;
; Power Optimization During Synthesis                                             ; Normal compilation ; Normal compilation ;
; HDL message level                                                               ; Level2             ; Level2             ;
; Suppress Register Optimization Related Messages                                 ; Off                ; Off                ;
; Number of Removed Registers Reported in Synthesis Report                        ; 5000               ; 5000               ;
; Number of Swept Nodes Reported in Synthesis Report                              ; 5000               ; 5000               ;
; Number of Inverted Registers Reported in Synthesis Report                       ; 100                ; 100                ;
; Clock MUX Protection                                                            ; On                 ; On                 ;
; Auto Gated Clock Conversion                                                     ; Off                ; Off                ;
; Block Design Naming                                                             ; Auto               ; Auto               ;
; SDC constraint protection                                                       ; Off                ; Off                ;
; Synthesis Effort                                                                ; Auto               ; Auto               ;
; Shift Register Replacement - Allow Asynchronous Clear Signal                    ; On                 ; On                 ;
; Pre-Mapping Resynthesis Optimization                                            ; Off                ; Off                ;
; Analysis & Synthesis Message Level                                              ; Medium             ; Medium             ;
; Disable Register Merging Across Hierarchies                                     ; Auto               ; Auto               ;
; Resource Aware Inference For Block RAM                                          ; On                 ; On                 ;
; Automatic Parallel Synthesis                                                    ; On                 ; On                 ;
; Partial Reconfiguration Bitstream ID                                            ; Off                ; Off                ;
+---------------------------------------------------------------------------------+--------------------+--------------------+


+------------------------------------------+
; Parallel Compilation                     ;
+----------------------------+-------------+
; Processors                 ; Number      ;
+----------------------------+-------------+
; Number detected on machine ; 12          ;
; Maximum allowed            ; 12          ;
;                            ;             ;
; Average used               ; 1.00        ;
; Maximum used               ; 1           ;
;                            ;             ;
; Usage by Processor         ; % Time Used ;
;     Processor 1            ; 100.0%      ;
+----------------------------+-------------+


+---------------------------------------------------------------------------------------------------------------------------------------------------+
; Analysis & Synthesis Source Files Read                                                                                                            ;
+----------------------------------+-----------------+-----------------+------------------------------------------------------------------+---------+
; File Name with User-Entered Path ; Used in Netlist ; File Type       ; File Name with Absolute Path                                     ; Library ;
+----------------------------------+-----------------+-----------------+------------------------------------------------------------------+---------+
; bancoRegistradores.vhd           ; yes             ; User VHDL File  ; E:/designcomputadoressetup/desComp/tipoR/bancoRegistradores.vhd  ;         ;
; ULA.vhd                          ; yes             ; User VHDL File  ; E:/designcomputadoressetup/desComp/tipoR/ULA.vhd                 ;         ;
; registradorGenerico.vhd          ; yes             ; User VHDL File  ; E:/designcomputadoressetup/desComp/tipoR/registradorGenerico.vhd ;         ;
; somadorGenerico.vhd              ; yes             ; User VHDL File  ; E:/designcomputadoressetup/desComp/tipoR/somadorGenerico.vhd     ;         ;
; tipoR.vhd                        ; yes             ; User VHDL File  ; E:/designcomputadoressetup/desComp/tipoR/tipoR.vhd               ;         ;
+----------------------------------+-----------------+-----------------+------------------------------------------------------------------+---------+


+-----------------------------------------------------+
; Analysis & Synthesis Resource Usage Summary         ;
+---------------------------------------------+-------+
; Resource                                    ; Usage ;
+---------------------------------------------+-------+
; Estimate of Logic utilization (ALMs needed) ; 0     ;
;                                             ;       ;
; Combinational ALUT usage for logic          ; 0     ;
;     -- 7 input functions                    ; 0     ;
;     -- 6 input functions                    ; 0     ;
;     -- 5 input functions                    ; 0     ;
;     -- 4 input functions                    ; 0     ;
;     -- <=3 input functions                  ; 0     ;
;                                             ;       ;
; Dedicated logic registers                   ; 0     ;
;                                             ;       ;
; I/O pins                                    ; 17    ;
;                                             ;       ;
; Total DSP Blocks                            ; 0     ;
;                                             ;       ;
; Maximum fan-out node                        ; HAB   ;
; Maximum fan-out                             ; 1     ;
; Total fan-out                               ; 17    ;
; Average fan-out                             ; 0.50  ;
+---------------------------------------------+-------+


+----------------------------------------------------------------------------------------------------------------------------------------------------------------------------------------+
; Analysis & Synthesis Resource Utilization by Entity                                                                                                                                    ;
+----------------------------+---------------------+---------------------------+-------------------+------------+------+--------------+---------------------+-------------+--------------+
; Compilation Hierarchy Node ; Combinational ALUTs ; Dedicated Logic Registers ; Block Memory Bits ; DSP Blocks ; Pins ; Virtual Pins ; Full Hierarchy Name ; Entity Name ; Library Name ;
+----------------------------+---------------------+---------------------------+-------------------+------------+------+--------------+---------------------+-------------+--------------+
; |tipoR                     ; 0 (0)               ; 0 (0)                     ; 0                 ; 0          ; 17   ; 0            ; |tipoR              ; tipoR       ; work         ;
+----------------------------+---------------------+---------------------------+-------------------+------------+------+--------------+---------------------+-------------+--------------+
Note: For table entries with two numbers listed, the numbers in parentheses indicate the number of resources of the given type used by the specific entity alone. The numbers listed outside of parentheses indicate the total resources of the given type used by the specific entity and all of its sub-entities in the hierarchy.


+------------------------------------------------------+
; General Register Statistics                          ;
+----------------------------------------------+-------+
; Statistic                                    ; Value ;
+----------------------------------------------+-------+
; Total registers                              ; 0     ;
; Number of registers using Synchronous Clear  ; 0     ;
; Number of registers using Synchronous Load   ; 0     ;
; Number of registers using Asynchronous Clear ; 0     ;
; Number of registers using Asynchronous Load  ; 0     ;
; Number of registers using Clock Enable       ; 0     ;
; Number of registers using Preset             ; 0     ;
+----------------------------------------------+-------+


+-----------------------------------------------------------------------+
; Parameter Settings for User Entity Instance: Top-level Entity: |tipoR ;
+----------------+-------+----------------------------------------------+
; Parameter Name ; Value ; Type                                         ;
+----------------+-------+----------------------------------------------+
; DATA_WIDTH     ; 32    ; Signed Integer                               ;
; ADDR_WIDTH     ; 32    ; Signed Integer                               ;
+----------------+-------+----------------------------------------------+
Note: In order to hide this table in the UI and the text report file, please set the "Show Parameter Settings in Synthesis Report" option in "Analysis and Synthesis Settings -> More Settings" to "Off".


+----------------------------------------------------------------------+
; Parameter Settings for User Entity Instance: somadorGenerico:somador ;
+----------------+-------+---------------------------------------------+
; Parameter Name ; Value ; Type                                        ;
+----------------+-------+---------------------------------------------+
; larguradados   ; 32    ; Signed Integer                              ;
+----------------+-------+---------------------------------------------+
Note: In order to hide this table in the UI and the text report file, please set the "Show Parameter Settings in Synthesis Report" option in "Analysis and Synthesis Settings -> More Settings" to "Off".


+------------------------------------------------------+
; Parameter Settings for User Entity Instance: ULA:ULA ;
+----------------+-------+-----------------------------+
; Parameter Name ; Value ; Type                        ;
+----------------+-------+-----------------------------+
; larguradados   ; 32    ; Signed Integer              ;
+----------------+-------+-----------------------------+
Note: In order to hide this table in the UI and the text report file, please set the "Show Parameter Settings in Synthesis Report" option in "Analysis and Synthesis Settings -> More Settings" to "Off".


+---------------------------------------------------------------------+
; Parameter Settings for User Entity Instance: registradorGenerico:PC ;
+----------------+-------+--------------------------------------------+
; Parameter Name ; Value ; Type                                       ;
+----------------+-------+--------------------------------------------+
; larguradados   ; 32    ; Signed Integer                             ;
+----------------+-------+--------------------------------------------+
Note: In order to hide this table in the UI and the text report file, please set the "Show Parameter Settings in Synthesis Report" option in "Analysis and Synthesis Settings -> More Settings" to "Off".


+--------------------------------------------------------------------------+
; Parameter Settings for User Entity Instance: bancoRegistradores:bancoReg ;
+---------------------+-------+--------------------------------------------+
; Parameter Name      ; Value ; Type                                       ;
+---------------------+-------+--------------------------------------------+
; larguradados        ; 32    ; Signed Integer                             ;
; larguraendbancoregs ; 5     ; Signed Integer                             ;
+---------------------+-------+--------------------------------------------+
Note: In order to hide this table in the UI and the text report file, please set the "Show Parameter Settings in Synthesis Report" option in "Analysis and Synthesis Settings -> More Settings" to "Off".


+----------------------------------------------------+
; Port Connectivity Checks: "registradorGenerico:PC" ;
+--------+-------+----------+------------------------+
; Port   ; Type  ; Severity ; Details                ;
+--------+-------+----------+------------------------+
; enable ; Input ; Info     ; Stuck at VCC           ;
; rst    ; Input ; Info     ; Stuck at GND           ;
+--------+-------+----------+------------------------+


+--------------------------------------------------------------------------------------------------------------------+
; Port Connectivity Checks: "ULA:ULA"                                                                                ;
+----------+--------+----------+-------------------------------------------------------------------------------------+
; Port     ; Type   ; Severity ; Details                                                                             ;
+----------+--------+----------+-------------------------------------------------------------------------------------+
; flagzero ; Output ; Info     ; Connected to dangling logic. Logic that only feeds a dangling port will be removed. ;
+----------+--------+----------+-------------------------------------------------------------------------------------+


+-----------------------------------------------------+
; Port Connectivity Checks: "somadorGenerico:somador" ;
+-----------------+-------+----------+----------------+
; Port            ; Type  ; Severity ; Details        ;
+-----------------+-------+----------+----------------+
; entradab[31..3] ; Input ; Info     ; Stuck at GND   ;
; entradab[1..0]  ; Input ; Info     ; Stuck at GND   ;
; entradab[2]     ; Input ; Info     ; Stuck at VCC   ;
+-----------------+-------+----------+----------------+


+-----------------------------------------------------+
; Post-Synthesis Netlist Statistics for Top Partition ;
+-----------------------+-----------------------------+
; Type                  ; Count                       ;
+-----------------------+-----------------------------+
; arriav_lcell_comb     ; 1                           ;
;     normal            ; 1                           ;
;         0 data inputs ; 1                           ;
; boundary_port         ; 17                          ;
;                       ;                             ;
; Max LUT depth         ; 0.00                        ;
; Average LUT depth     ; 0.00                        ;
+-----------------------+-----------------------------+


+-------------------------------+
; Elapsed Time Per Partition    ;
+----------------+--------------+
; Partition Name ; Elapsed Time ;
+----------------+--------------+
; Top            ; 00:00:00     ;
+----------------+--------------+


+-------------------------------+
; Analysis & Synthesis Messages ;
+-------------------------------+
Info: *******************************************************************
Info: Running Quartus Prime Analysis & Synthesis
    Info: Version 20.1.0 Build 711 06/05/2020 SJ Lite Edition
    Info: Processing started: Tue Oct 19 20:56:50 2021
Info: Command: quartus_map --read_settings_files=on --write_settings_files=off tipoR -c tipoR
Warning (18236): Number of processors has not been specified which may cause overloading on shared machines.  Set the global assignment NUM_PARALLEL_PROCESSORS in your QSF to an appropriate value for best performance.
Info (20030): Parallel compilation is enabled and will use 12 of the 12 processors detected
Info (12021): Found 2 design units, including 1 entities, in source file bancoregistradores.vhd
    Info (12022): Found design unit 1: bancoRegistradores-comportamento File: E:/designcomputadoressetup/desComp/tipoR/bancoRegistradores.vhd Line: 30
    Info (12023): Found entity 1: bancoRegistradores File: E:/designcomputadoressetup/desComp/tipoR/bancoRegistradores.vhd Line: 7
Info (12021): Found 2 design units, including 1 entities, in source file rommips.vhd
    Info (12022): Found design unit 1: ROMMIPS-assincrona File: E:/designcomputadoressetup/desComp/tipoR/ROMMIPS.vhd Line: 15
    Info (12023): Found entity 1: ROMMIPS File: E:/designcomputadoressetup/desComp/tipoR/ROMMIPS.vhd Line: 5
Info (12021): Found 2 design units, including 1 entities, in source file ula.vhd
    Info (12022): Found design unit 1: ULA-comportamento File: E:/designcomputadoressetup/desComp/tipoR/ULA.vhd Line: 19
    Info (12023): Found entity 1: ULA File: E:/designcomputadoressetup/desComp/tipoR/ULA.vhd Line: 5
Info (12021): Found 2 design units, including 1 entities, in source file registradorgenerico.vhd
    Info (12022): Found design unit 1: registradorGenerico-comportamento File: E:/designcomputadoressetup/desComp/tipoR/registradorGenerico.vhd Line: 15
    Info (12023): Found entity 1: registradorGenerico File: E:/designcomputadoressetup/desComp/tipoR/registradorGenerico.vhd Line: 4
Info (12021): Found 2 design units, including 1 entities, in source file somadorgenerico.vhd
    Info (12022): Found design unit 1: somadorGenerico-comportamento File: E:/designcomputadoressetup/desComp/tipoR/somadorGenerico.vhd Line: 17
    Info (12023): Found entity 1: somadorGenerico File: E:/designcomputadoressetup/desComp/tipoR/somadorGenerico.vhd Line: 5
Info (12021): Found 2 design units, including 1 entities, in source file tipor.vhd
    Info (12022): Found design unit 1: tipoR-arch_name File: E:/designcomputadoressetup/desComp/tipoR/tipoR.vhd Line: 24
    Info (12023): Found entity 1: tipoR File: E:/designcomputadoressetup/desComp/tipoR/tipoR.vhd Line: 5
Info (12127): Elaborating entity "tipoR" for the top level hierarchy
Warning (10541): VHDL Signal Declaration warning at tipoR.vhd(26): used implicit default value for signal "endReg1" because signal was never assigned a value or an explicit default value. Use of implicit default value may introduce unintended design optimizations. File: E:/designcomputadoressetup/desComp/tipoR/tipoR.vhd Line: 26
Warning (10541): VHDL Signal Declaration warning at tipoR.vhd(27): used implicit default value for signal "endReg2" because signal was never assigned a value or an explicit default value. Use of implicit default value may introduce unintended design optimizations. File: E:/designcomputadoressetup/desComp/tipoR/tipoR.vhd Line: 27
Warning (10541): VHDL Signal Declaration warning at tipoR.vhd(28): used implicit default value for signal "endReg3" because signal was never assigned a value or an explicit default value. Use of implicit default value may introduce unintended design optimizations. File: E:/designcomputadoressetup/desComp/tipoR/tipoR.vhd Line: 28
Warning (10541): VHDL Signal Declaration warning at tipoR.vhd(34): used implicit default value for signal "INSTR" because signal was never assigned a value or an explicit default value. Use of implicit default value may introduce unintended design optimizations. File: E:/designcomputadoressetup/desComp/tipoR/tipoR.vhd Line: 34
Warning (10036): Verilog HDL or VHDL warning at tipoR.vhd(35): object "flagZero" assigned a value but never read File: E:/designcomputadoressetup/desComp/tipoR/tipoR.vhd Line: 35
Info (12128): Elaborating entity "somadorGenerico" for hierarchy "somadorGenerico:somador" File: E:/designcomputadoressetup/desComp/tipoR/tipoR.vhd Line: 45
Info (12128): Elaborating entity "ULA" for hierarchy "ULA:ULA" File: E:/designcomputadoressetup/desComp/tipoR/tipoR.vhd Line: 48
Info (12128): Elaborating entity "registradorGenerico" for hierarchy "registradorGenerico:PC" File: E:/designcomputadoressetup/desComp/tipoR/tipoR.vhd Line: 51
Info (12128): Elaborating entity "bancoRegistradores" for hierarchy "bancoRegistradores:bancoReg" File: E:/designcomputadoressetup/desComp/tipoR/tipoR.vhd Line: 54
Warning (13024): Output pins are stuck at VCC or GND
    Warning (13410): Pin "UCopcode[0]" is stuck at GND File: E:/designcomputadoressetup/desComp/tipoR/tipoR.vhd Line: 18
    Warning (13410): Pin "UCopcode[1]" is stuck at GND File: E:/designcomputadoressetup/desComp/tipoR/tipoR.vhd Line: 18
    Warning (13410): Pin "UCopcode[2]" is stuck at GND File: E:/designcomputadoressetup/desComp/tipoR/tipoR.vhd Line: 18
    Warning (13410): Pin "UCopcode[3]" is stuck at GND File: E:/designcomputadoressetup/desComp/tipoR/tipoR.vhd Line: 18
    Warning (13410): Pin "UCopcode[4]" is stuck at GND File: E:/designcomputadoressetup/desComp/tipoR/tipoR.vhd Line: 18
    Warning (13410): Pin "UCopcode[5]" is stuck at GND File: E:/designcomputadoressetup/desComp/tipoR/tipoR.vhd Line: 18
    Warning (13410): Pin "UCfunct[0]" is stuck at GND File: E:/designcomputadoressetup/desComp/tipoR/tipoR.vhd Line: 19
    Warning (13410): Pin "UCfunct[1]" is stuck at GND File: E:/designcomputadoressetup/desComp/tipoR/tipoR.vhd Line: 19
    Warning (13410): Pin "UCfunct[2]" is stuck at GND File: E:/designcomputadoressetup/desComp/tipoR/tipoR.vhd Line: 19
    Warning (13410): Pin "UCfunct[3]" is stuck at GND File: E:/designcomputadoressetup/desComp/tipoR/tipoR.vhd Line: 19
    Warning (13410): Pin "UCfunct[4]" is stuck at GND File: E:/designcomputadoressetup/desComp/tipoR/tipoR.vhd Line: 19
    Warning (13410): Pin "UCfunct[5]" is stuck at GND File: E:/designcomputadoressetup/desComp/tipoR/tipoR.vhd Line: 19
Info (16010): Generating hard_block partition "hard_block:auto_generated_inst"
    Info (16011): Adding 0 node(s), including 0 DDIO, 0 PLL, 0 transceiver and 0 LCELL
Warning (21074): Design contains 5 input pin(s) that do not drive logic
    Warning (15610): No output dependent on input pin "HAB" File: E:/designcomputadoressetup/desComp/tipoR/tipoR.vhd Line: 12
    Warning (15610): No output dependent on input pin "operacao[0]" File: E:/designcomputadoressetup/desComp/tipoR/tipoR.vhd Line: 13
    Warning (15610): No output dependent on input pin "operacao[1]" File: E:/designcomputadoressetup/desComp/tipoR/tipoR.vhd Line: 13
    Warning (15610): No output dependent on input pin "operacao[2]" File: E:/designcomputadoressetup/desComp/tipoR/tipoR.vhd Line: 13
    Warning (15610): No output dependent on input pin "clk" File: E:/designcomputadoressetup/desComp/tipoR/tipoR.vhd Line: 14
Info (21057): Implemented 17 device resources after synthesis - the final resource count might be different
    Info (21058): Implemented 5 input pins
    Info (21059): Implemented 12 output pins
Info: Quartus Prime Analysis & Synthesis was successful. 0 errors, 25 warnings
    Info: Peak virtual memory: 4847 megabytes
    Info: Processing ended: Tue Oct 19 20:56:58 2021
    Info: Elapsed time: 00:00:08
    Info: Total CPU time (on all processors): 00:00:17


